#
# A fatal error has been detected by the Java Runtime Environment:
#
#  SIGSEGV (0xb) at pc=0x00000001124d2ad3, pid=37457, tid=27907
#
# JRE version: Java(TM) SE Runtime Environment (10.0.1+10) (build 10.0.1+10)
# Java VM: Java HotSpot(TM) 64-Bit Server VM (10.0.1+10, mixed mode, tiered, compressed oops, g1 gc, bsd-amd64)
# Problematic frame:
# C  [libmpi_java.20.dylib+0xdad3]  getBuffer+0x43
#
# No core dump will be written. Core dumps have been disabled. To enable core dumping, try "ulimit -c unlimited" before starting Java again
#
# If you would like to submit a bug report, please visit:
#   http://bugreport.java.com/bugreport/crash.jsp
# The crash happened outside the Java Virtual Machine in native code.
# See problematic frame for where to report the bug.
#

---------------  S U M M A R Y ------------

Command Line: -Djava.library.path=/usr/local/lib MersennePrimeSearch

Host: MacBookPro14,2 x86_64 3500 MHz, 4 cores, 8G, Darwin 17.5.0
Time: Tue May 29 14:26:43 2018 EDT elapsed time: 0 seconds (0d 0h 0m 0s)

---------------  T H R E A D  ---------------

Current thread (0x00007f9aa11de800):  JavaThread "rank: 2, core: 3" [_thread_in_native, id=27907, stack(0x0000700003a47000,0x0000700003b47000)]

Stack: [0x0000700003a47000,0x0000700003b47000],  sp=0x0000700003b46720,  free space=1021k
Native frames: (J=compiled Java code, A=aot compiled Java code, j=interpreted, Vv=VM code, C=native code)
C  [libmpi_java.20.dylib+0xdad3]  getBuffer+0x43
C  [libmpi_java.20.dylib+0xc346]  ompi_java_getReadPtr+0x96
C  [libmpi_java.20.dylib+0x15c0]  Java_mpi_Comm_send+0x40
j  mpi.Comm.send(JLjava/lang/Object;ZIIJIII)V+0
j  mpi.Comm.send(Ljava/lang/Object;ILmpi/Datatype;II)V+67
j  MersennePrimeSearch$2.run()V+22
j  java.lang.Thread.run()V+11 java.base@10.0.1
v  ~StubRoutines::call_stub
V  [libjvm.dylib+0x3d8c3e]  JavaCalls::call_helper(JavaValue*, methodHandle const&, JavaCallArguments*, Thread*)+0x216
V  [libjvm.dylib+0x3d8252]  JavaCalls::call_virtual(JavaValue*, Klass*, Symbol*, Symbol*, JavaCallArguments*, Thread*)+0x12a
V  [libjvm.dylib+0x3d8312]  JavaCalls::call_virtual(JavaValue*, Handle, Klass*, Symbol*, Symbol*, Thread*)+0x6a
V  [libjvm.dylib+0x4540a8]  thread_entry(JavaThread*, Thread*)+0x77
V  [libjvm.dylib+0x74679c]  JavaThread::thread_main_inner()+0x86
V  [libjvm.dylib+0x633a5f]  thread_native_entry(Thread*)+0x12b
C  [libsystem_pthread.dylib+0x3661]  _pthread_body+0x154
C  [libsystem_pthread.dylib+0x350d]  _pthread_body+0x0
C  [libsystem_pthread.dylib+0x2bf9]  thread_start+0xd
C  0x0000000000000000

Java frames: (J=compiled Java code, j=interpreted, Vv=VM code)
j  mpi.Comm.send(JLjava/lang/Object;ZIIJIII)V+0
j  mpi.Comm.send(Ljava/lang/Object;ILmpi/Datatype;II)V+67
j  MersennePrimeSearch$2.run()V+22
j  java.lang.Thread.run()V+11 java.base@10.0.1
v  ~StubRoutines::call_stub

siginfo: si_signo: 11 (SIGSEGV), si_code: 1 (SEGV_MAPERR), si_addr: 0x0000000000000010

Register to memory mapping:

RAX=0x0000000000000000 is an unknown value
RBX=0x00007f9aa11dea70 is an unknown value
RCX=0x000000010bf5d200: type2wfield+0x10 in /Library/Java/JavaVirtualMachines/jdk-10.0.1.jdk/Contents/Home/lib/server/libjvm.dylib at 0x000000010b600000
RDX=0x0000000000000001 is an unknown value
RSP=0x0000700003b46720 is pointing into the stack for thread: 0x00007f9aa11de800
RBP=0x0000700003b46760 is pointing into the stack for thread: 0x00007f9aa11de800
RSI=0x0000700003b467e8 is pointing into the stack for thread: 0x00007f9aa11de800
RDI=0x00007f9aa11dea70 is an unknown value
R8 =0x0000000000000000 is an unknown value
R9 =0x0000000000000000 is an unknown value
R10=0x0000000000000001 is an unknown value
R11=0x0000000000000102 is an unknown value
R12=0x0000000000000000 is an unknown value
R13=0x0000700003b467e8 is pointing into the stack for thread: 0x00007f9aa11de800
R14=0x0000700003b467e8 is pointing into the stack for thread: 0x00007f9aa11de800
R15=0x0000700003b46940 is pointing into the stack for thread: 0x00007f9aa11de800


Registers:
RAX=0x0000000000000000, RBX=0x00007f9aa11dea70, RCX=0x000000010bf5d200, RDX=0x0000000000000001
RSP=0x0000700003b46720, RBP=0x0000700003b46760, RSI=0x0000700003b467e8, RDI=0x00007f9aa11dea70
R8 =0x0000000000000000, R9 =0x0000000000000000, R10=0x0000000000000001, R11=0x0000000000000102
R12=0x0000000000000000, R13=0x0000700003b467e8, R14=0x0000700003b467e8, R15=0x0000700003b46940
RIP=0x00000001124d2ad3, EFLAGS=0x0000000000010216, ERR=0x0000000000000004
  TRAPNO=0x000000000000000e

Top of Stack: (sp=0x0000700003b46720)
0x0000700003b46720:   00007f9aa11dea70 0000700003b46940
0x0000700003b46730:   0000700003b46760 00007f9aa11dea70
0x0000700003b46740:   0000000000000001 0000700003b467e8
0x0000700003b46750:   0000700003b467f0 0000700003b46940
0x0000700003b46760:   0000700003b467b0 00000001124d1346
0x0000700003b46770:   0000000000000000 0000000000000001
0x0000700003b46780:   0000000003b467c0 00007f9aa11dea70
0x0000700003b46790:   0000700003b46940 0000000000000001
0x0000700003b467a0:   0000000000000000 00000001125a4cc0
0x0000700003b467b0:   0000700003b46820 00000001124c65c0
0x0000700003b467c0:   0000000000000001 00000001125998b0
0x0000700003b467d0:   0000000000000001 00007f9a9f736040
0x0000700003b467e0:   0000000000000100 0000000000000000
0x0000700003b467f0:   0000700003b46880 0000000111f76418
0x0000700003b46800:   0000000000000000 0000000111f76410
0x0000700003b46810:   0000700003b46958 00007f9aa11de800
0x0000700003b46820:   0000700003b468e0 000000011db66b50
0x0000700003b46830:   0000000000000001 00000001125998b0
0x0000700003b46840:   0000000000000001 00007f9a00000000
0x0000700003b46850:   0000700000000000 000000010ba0fa29
0x0000700003b46860:   0000000000000800 0000000747a00000
0x0000700003b46870:   0000000000000018 00000007c0000790
0x0000700003b46880:   0000700003b468e0 000000010b6f9d86
0x0000700003b46890:   0000000112342400 0000700003b46898
0x0000700003b468a0:   0000000000000000 0000700003b46958
0x0000700003b468b0:   0000000111fb4d48 0000000000000000
0x0000700003b468c0:   0000000747e43f38 0000000111f76418
0x0000700003b468d0:   0000000000000000 0000700003b46900
0x0000700003b468e0:   0000700003b469a8 000000011db60f43
0x0000700003b468f0:   0000000000000000 000000011db63ad8
0x0000700003b46900:   0000000000000000 0000000000000000
0x0000700003b46910:   0000000000000001 00000001125998b0 

Instructions: (pc=0x00000001124d2ad3)
0x00000001124d2ab3:   00 00 00 48 63 fa 48 83 c4 18 5b 41 5c 41 5d 41
0x00000001124d2ac3:   5e 41 5f 5d e9 10 2d 00 00 4c 8b 25 35 51 00 00
0x00000001124d2ad3:   49 8b 44 24 10 48 89 05 29 51 00 00 4c 8d 3d 2a
0x00000001124d2ae3:   51 00 00 4d 39 fc 74 26 49 c7 44 24 10 00 00 00 


---------------  P R O C E S S  ---------------

Threads class SMR info:
_java_thread_list=0x00007f9a9f670910, length=14, elements={
0x00007f9aa0800000, 0x00007f9aa0003800, 0x00007f9aa0039000, 0x00007f9a9f829000,
0x00007f9aa0898800, 0x00007f9a9f82c000, 0x00007f9aa0046800, 0x00007f9aa0047000,
0x00007f9aa1039800, 0x00007f9aa101d800, 0x00007f9a9f86e000, 0x00007f9a9f87f000,
0x00007f9a9f8c0000, 0x00007f9aa11de800
}

Java Threads: ( => current thread )
  0x00007f9aa0800000 JavaThread "main" [_thread_blocked, id=8963, stack(0x000000010c3a0000,0x000000010c4a0000)]
  0x00007f9aa0003800 JavaThread "Reference Handler" daemon [_thread_blocked, id=18435, stack(0x0000700002c1a000,0x0000700002d1a000)]
  0x00007f9aa0039000 JavaThread "Finalizer" daemon [_thread_blocked, id=15619, stack(0x0000700002d1d000,0x0000700002e1d000)]
  0x00007f9a9f829000 JavaThread "Signal Dispatcher" daemon [_thread_blocked, id=22275, stack(0x0000700002e20000,0x0000700002f20000)]
  0x00007f9aa0898800 JavaThread "C2 CompilerThread0" daemon [_thread_blocked, id=42499, stack(0x0000700002f23000,0x0000700003023000)]
  0x00007f9a9f82c000 JavaThread "C2 CompilerThread1" daemon [_thread_blocked, id=41987, stack(0x0000700003026000,0x0000700003126000)]
  0x00007f9aa0046800 JavaThread "C1 CompilerThread2" daemon [_thread_blocked, id=23299, stack(0x0000700003129000,0x0000700003229000)]
  0x00007f9aa0047000 JavaThread "Sweeper thread" daemon [_thread_blocked, id=23811, stack(0x000070000322c000,0x000070000332c000)]
  0x00007f9aa1039800 JavaThread "Service Thread" daemon [_thread_blocked, id=24579, stack(0x000070000332f000,0x000070000342f000)]
  0x00007f9aa101d800 JavaThread "Common-Cleaner" daemon [_thread_blocked, id=41219, stack(0x0000700003432000,0x0000700003532000)]
  0x00007f9a9f86e000 JavaThread "rank: 2, core: 0" [_thread_in_native, id=26627, stack(0x000070000373e000,0x000070000383e000)]
  0x00007f9a9f87f000 JavaThread "rank: 2, core: 1" [_thread_in_native, id=26883, stack(0x0000700003841000,0x0000700003941000)]
  0x00007f9a9f8c0000 JavaThread "rank: 2, core: 2" [_thread_in_native, id=40195, stack(0x0000700003944000,0x0000700003a44000)]
=>0x00007f9aa11de800 JavaThread "rank: 2, core: 3" [_thread_in_native, id=27907, stack(0x0000700003a47000,0x0000700003b47000)]

Other Threads:
  0x00007f9aa0880800 VMThread "VM Thread" [stack: 0x0000700002b17000,0x0000700002c17000] [id=14595]
  0x00007f9aa088b000 WatcherThread [stack: 0x0000700003535000,0x0000700003635000] [id=25603]
  0x00007f9aa080e000 GCTaskThread "GC Thread#0" [stack: 0x0000700001ff6000,0x00007000020f6000] [id=20995]
  0x00007f9aa080f000 GCTaskThread "GC Thread#1" [stack: 0x00007000020f9000,0x00007000021f9000] [id=20739]
  0x00007f9aa0812000 GCTaskThread "GC Thread#2" [stack: 0x00007000021fc000,0x00007000022fc000] [id=20483]
  0x00007f9aa0813000 GCTaskThread "GC Thread#3" [stack: 0x00007000022ff000,0x00007000023ff000] [id=11523]
  0x00007f9aa083b800 ConcurrentGCThread "G1 Main Marker" [stack: 0x0000700002402000,0x0000700002502000] [id=19715]
  0x00007f9aa083c000 ConcurrentGCThread "G1 Conc#0" [stack: 0x0000700002505000,0x0000700002605000] [id=12291]
  0x00007f9aa087d000 ConcurrentGCThread "G1 Refine#0" [stack: 0x0000700002608000,0x0000700002708000] [id=12803]
  0x00007f9aa087d800 ConcurrentGCThread "G1 Refine#1" [stack: 0x000070000270b000,0x000070000280b000] [id=19203]
  0x00007f9aa0005800 ConcurrentGCThread "G1 Refine#2" [stack: 0x000070000280e000,0x000070000290e000] [id=13571]
  0x00007f9a9f803800 ConcurrentGCThread "G1 Refine#3" [stack: 0x0000700002911000,0x0000700002a11000] [id=13827]
  0x00007f9a9f817000 ConcurrentGCThread "G1 Young RemSet Sampling" [stack: 0x0000700002a14000,0x0000700002b14000] [id=18691]

Threads with active compile tasks:

VM state:not at safepoint (normal execution)

VM Mutex/Monitor currently owned by a thread: None

Heap address: 0x0000000740000000, size: 2048 MB, Compressed Oops mode: Zero based, Oop shift amount: 3
Narrow klass base: 0x0000000000000000, Narrow klass shift: 3
Compressed class space size: 1073741824 Address: 0x00000007c0000000

Heap:
 garbage-first heap   total 131072K, used 5120K [0x0000000740000000, 0x00000007c0000000)
  region size 1024K, 6 young (6144K), 0 survivors (0K)
 Metaspace       used 8792K, capacity 8971K, committed 9088K, reserved 1056768K
  class space    used 762K, capacity 825K, committed 896K, reserved 1048576K
Heap Regions: E=young(eden), S=young(survivor), O=old, HS=humongous(starts), HC=humongous(continues), CS=collection set, F=free, A=archive, TS=gc time stamp, AC=allocation context, TAMS=top-at-mark-start (previous, next)
|   0|0x0000000740000000, 0x0000000740000000, 0x0000000740100000|  0%| F|  |TS  0|AC  0|TAMS 0x0000000740000000, 0x0000000740000000|
|   1|0x0000000740100000, 0x0000000740100000, 0x0000000740200000|  0%| F|  |TS  0|AC  0|TAMS 0x0000000740100000, 0x0000000740100000|
|   2|0x0000000740200000, 0x0000000740200000, 0x0000000740300000|  0%| F|  |TS  0|AC  0|TAMS 0x0000000740200000, 0x0000000740200000|
|   3|0x0000000740300000, 0x0000000740300000, 0x0000000740400000|  0%| F|  |TS  0|AC  0|TAMS 0x0000000740300000, 0x0000000740300000|
|   4|0x0000000740400000, 0x0000000740400000, 0x0000000740500000|  0%| F|  |TS  0|AC  0|TAMS 0x0000000740400000, 0x0000000740400000|
|   5|0x0000000740500000, 0x0000000740500000, 0x0000000740600000|  0%| F|  |TS  0|AC  0|TAMS 0x0000000740500000, 0x0000000740500000|
|   6|0x0000000740600000, 0x0000000740600000, 0x0000000740700000|  0%| F|  |TS  0|AC  0|TAMS 0x0000000740600000, 0x0000000740600000|
|   7|0x0000000740700000, 0x0000000740700000, 0x0000000740800000|  0%| F|  |TS  0|AC  0|TAMS 0x0000000740700000, 0x0000000740700000|
|   8|0x0000000740800000, 0x0000000740800000, 0x0000000740900000|  0%| F|  |TS  0|AC  0|TAMS 0x0000000740800000, 0x0000000740800000|
|   9|0x0000000740900000, 0x0000000740900000, 0x0000000740a00000|  0%| F|  |TS  0|AC  0|TAMS 0x0000000740900000, 0x0000000740900000|
|  10|0x0000000740a00000, 0x0000000740a00000, 0x0000000740b00000|  0%| F|  |TS  0|AC  0|TAMS 0x0000000740a00000, 0x0000000740a00000|
|  11|0x0000000740b00000, 0x0000000740b00000, 0x0000000740c00000|  0%| F|  |TS  0|AC  0|TAMS 0x0000000740b00000, 0x0000000740b00000|
|  12|0x0000000740c00000, 0x0000000740c00000, 0x0000000740d00000|  0%| F|  |TS  0|AC  0|TAMS 0x0000000740c00000, 0x0000000740c00000|
|  13|0x0000000740d00000, 0x0000000740d00000, 0x0000000740e00000|  0%| F|  |TS  0|AC  0|TAMS 0x0000000740d00000, 0x0000000740d00000|
|  14|0x0000000740e00000, 0x0000000740e00000, 0x0000000740f00000|  0%| F|  |TS  0|AC  0|TAMS 0x0000000740e00000, 0x0000000740e00000|
|  15|0x0000000740f00000, 0x0000000740f00000, 0x0000000741000000|  0%| F|  |TS  0|AC  0|TAMS 0x0000000740f00000, 0x0000000740f00000|
|  16|0x0000000741000000, 0x0000000741000000, 0x0000000741100000|  0%| F|  |TS  0|AC  0|TAMS 0x0000000741000000, 0x0000000741000000|
|  17|0x0000000741100000, 0x0000000741100000, 0x0000000741200000|  0%| F|  |TS  0|AC  0|TAMS 0x0000000741100000, 0x0000000741100000|
|  18|0x0000000741200000, 0x0000000741200000, 0x0000000741300000|  0%| F|  |TS  0|AC  0|TAMS 0x0000000741200000, 0x0000000741200000|
|  19|0x0000000741300000, 0x0000000741300000, 0x0000000741400000|  0%| F|  |TS  0|AC  0|TAMS 0x0000000741300000, 0x0000000741300000|
|  20|0x0000000741400000, 0x0000000741400000, 0x0000000741500000|  0%| F|  |TS  0|AC  0|TAMS 0x0000000741400000, 0x0000000741400000|
|  21|0x0000000741500000, 0x0000000741500000, 0x0000000741600000|  0%| F|  |TS  0|AC  0|TAMS 0x0000000741500000, 0x0000000741500000|
|  22|0x0000000741600000, 0x0000000741600000, 0x0000000741700000|  0%| F|  |TS  0|AC  0|TAMS 0x0000000741600000, 0x0000000741600000|
|  23|0x0000000741700000, 0x0000000741700000, 0x0000000741800000|  0%| F|  |TS  0|AC  0|TAMS 0x0000000741700000, 0x0000000741700000|
|  24|0x0000000741800000, 0x0000000741800000, 0x0000000741900000|  0%| F|  |TS  0|AC  0|TAMS 0x0000000741800000, 0x0000000741800000|
|  25|0x0000000741900000, 0x0000000741900000, 0x0000000741a00000|  0%| F|  |TS  0|AC  0|TAMS 0x0000000741900000, 0x0000000741900000|
|  26|0x0000000741a00000, 0x0000000741a00000, 0x0000000741b00000|  0%| F|  |TS  0|AC  0|TAMS 0x0000000741a00000, 0x0000000741a00000|
|  27|0x0000000741b00000, 0x0000000741b00000, 0x0000000741c00000|  0%| F|  |TS  0|AC  0|TAMS 0x0000000741b00000, 0x0000000741b00000|
|  28|0x0000000741c00000, 0x0000000741c00000, 0x0000000741d00000|  0%| F|  |TS  0|AC  0|TAMS 0x0000000741c00000, 0x0000000741c00000|
|  29|0x0000000741d00000, 0x0000000741d00000, 0x0000000741e00000|  0%| F|  |TS  0|AC  0|TAMS 0x0000000741d00000, 0x0000000741d00000|
|  30|0x0000000741e00000, 0x0000000741e00000, 0x0000000741f00000|  0%| F|  |TS  0|AC  0|TAMS 0x0000000741e00000, 0x0000000741e00000|
|  31|0x0000000741f00000, 0x0000000741f00000, 0x0000000742000000|  0%| F|  |TS  0|AC  0|TAMS 0x0000000741f00000, 0x0000000741f00000|
|  32|0x0000000742000000, 0x0000000742000000, 0x0000000742100000|  0%| F|  |TS  0|AC  0|TAMS 0x0000000742000000, 0x0000000742000000|
|  33|0x0000000742100000, 0x0000000742100000, 0x0000000742200000|  0%| F|  |TS  0|AC  0|TAMS 0x0000000742100000, 0x0000000742100000|
|  34|0x0000000742200000, 0x0000000742200000, 0x0000000742300000|  0%| F|  |TS  0|AC  0|TAMS 0x0000000742200000, 0x0000000742200000|
|  35|0x0000000742300000, 0x0000000742300000, 0x0000000742400000|  0%| F|  |TS  0|AC  0|TAMS 0x0000000742300000, 0x0000000742300000|
|  36|0x0000000742400000, 0x0000000742400000, 0x0000000742500000|  0%| F|  |TS  0|AC  0|TAMS 0x0000000742400000, 0x0000000742400000|
|  37|0x0000000742500000, 0x0000000742500000, 0x0000000742600000|  0%| F|  |TS  0|AC  0|TAMS 0x0000000742500000, 0x0000000742500000|
|  38|0x0000000742600000, 0x0000000742600000, 0x0000000742700000|  0%| F|  |TS  0|AC  0|TAMS 0x0000000742600000, 0x0000000742600000|
|  39|0x0000000742700000, 0x0000000742700000, 0x0000000742800000|  0%| F|  |TS  0|AC  0|TAMS 0x0000000742700000, 0x0000000742700000|
|  40|0x0000000742800000, 0x0000000742800000, 0x0000000742900000|  0%| F|  |TS  0|AC  0|TAMS 0x0000000742800000, 0x0000000742800000|
|  41|0x0000000742900000, 0x0000000742900000, 0x0000000742a00000|  0%| F|  |TS  0|AC  0|TAMS 0x0000000742900000, 0x0000000742900000|
|  42|0x0000000742a00000, 0x0000000742a00000, 0x0000000742b00000|  0%| F|  |TS  0|AC  0|TAMS 0x0000000742a00000, 0x0000000742a00000|
|  43|0x0000000742b00000, 0x0000000742b00000, 0x0000000742c00000|  0%| F|  |TS  0|AC  0|TAMS 0x0000000742b00000, 0x0000000742b00000|
|  44|0x0000000742c00000, 0x0000000742c00000, 0x0000000742d00000|  0%| F|  |TS  0|AC  0|TAMS 0x0000000742c00000, 0x0000000742c00000|
|  45|0x0000000742d00000, 0x0000000742d00000, 0x0000000742e00000|  0%| F|  |TS  0|AC  0|TAMS 0x0000000742d00000, 0x0000000742d00000|
|  46|0x0000000742e00000, 0x0000000742e00000, 0x0000000742f00000|  0%| F|  |TS  0|AC  0|TAMS 0x0000000742e00000, 0x0000000742e00000|
|  47|0x0000000742f00000, 0x0000000742f00000, 0x0000000743000000|  0%| F|  |TS  0|AC  0|TAMS 0x0000000742f00000, 0x0000000742f00000|
|  48|0x0000000743000000, 0x0000000743000000, 0x0000000743100000|  0%| F|  |TS  0|AC  0|TAMS 0x0000000743000000, 0x0000000743000000|
|  49|0x0000000743100000, 0x0000000743100000, 0x0000000743200000|  0%| F|  |TS  0|AC  0|TAMS 0x0000000743100000, 0x0000000743100000|
|  50|0x0000000743200000, 0x0000000743200000, 0x0000000743300000|  0%| F|  |TS  0|AC  0|TAMS 0x0000000743200000, 0x0000000743200000|
|  51|0x0000000743300000, 0x0000000743300000, 0x0000000743400000|  0%| F|  |TS  0|AC  0|TAMS 0x0000000743300000, 0x0000000743300000|
|  52|0x0000000743400000, 0x0000000743400000, 0x0000000743500000|  0%| F|  |TS  0|AC  0|TAMS 0x0000000743400000, 0x0000000743400000|
|  53|0x0000000743500000, 0x0000000743500000, 0x0000000743600000|  0%| F|  |TS  0|AC  0|TAMS 0x0000000743500000, 0x0000000743500000|
|  54|0x0000000743600000, 0x0000000743600000, 0x0000000743700000|  0%| F|  |TS  0|AC  0|TAMS 0x0000000743600000, 0x0000000743600000|
|  55|0x0000000743700000, 0x0000000743700000, 0x0000000743800000|  0%| F|  |TS  0|AC  0|TAMS 0x0000000743700000, 0x0000000743700000|
|  56|0x0000000743800000, 0x0000000743800000, 0x0000000743900000|  0%| F|  |TS  0|AC  0|TAMS 0x0000000743800000, 0x0000000743800000|
|  57|0x0000000743900000, 0x0000000743900000, 0x0000000743a00000|  0%| F|  |TS  0|AC  0|TAMS 0x0000000743900000, 0x0000000743900000|
|  58|0x0000000743a00000, 0x0000000743a00000, 0x0000000743b00000|  0%| F|  |TS  0|AC  0|TAMS 0x0000000743a00000, 0x0000000743a00000|
|  59|0x0000000743b00000, 0x0000000743b00000, 0x0000000743c00000|  0%| F|  |TS  0|AC  0|TAMS 0x0000000743b00000, 0x0000000743b00000|
|  60|0x0000000743c00000, 0x0000000743c00000, 0x0000000743d00000|  0%| F|  |TS  0|AC  0|TAMS 0x0000000743c00000, 0x0000000743c00000|
|  61|0x0000000743d00000, 0x0000000743d00000, 0x0000000743e00000|  0%| F|  |TS  0|AC  0|TAMS 0x0000000743d00000, 0x0000000743d00000|
|  62|0x0000000743e00000, 0x0000000743e00000, 0x0000000743f00000|  0%| F|  |TS  0|AC  0|TAMS 0x0000000743e00000, 0x0000000743e00000|
|  63|0x0000000743f00000, 0x0000000743f00000, 0x0000000744000000|  0%| F|  |TS  0|AC  0|TAMS 0x0000000743f00000, 0x0000000743f00000|
|  64|0x0000000744000000, 0x0000000744000000, 0x0000000744100000|  0%| F|  |TS  0|AC  0|TAMS 0x0000000744000000, 0x0000000744000000|
|  65|0x0000000744100000, 0x0000000744100000, 0x0000000744200000|  0%| F|  |TS  0|AC  0|TAMS 0x0000000744100000, 0x0000000744100000|
|  66|0x0000000744200000, 0x0000000744200000, 0x0000000744300000|  0%| F|  |TS  0|AC  0|TAMS 0x0000000744200000, 0x0000000744200000|
|  67|0x0000000744300000, 0x0000000744300000, 0x0000000744400000|  0%| F|  |TS  0|AC  0|TAMS 0x0000000744300000, 0x0000000744300000|
|  68|0x0000000744400000, 0x0000000744400000, 0x0000000744500000|  0%| F|  |TS  0|AC  0|TAMS 0x0000000744400000, 0x0000000744400000|
|  69|0x0000000744500000, 0x0000000744500000, 0x0000000744600000|  0%| F|  |TS  0|AC  0|TAMS 0x0000000744500000, 0x0000000744500000|
|  70|0x0000000744600000, 0x0000000744600000, 0x0000000744700000|  0%| F|  |TS  0|AC  0|TAMS 0x0000000744600000, 0x0000000744600000|
|  71|0x0000000744700000, 0x0000000744700000, 0x0000000744800000|  0%| F|  |TS  0|AC  0|TAMS 0x0000000744700000, 0x0000000744700000|
|  72|0x0000000744800000, 0x0000000744800000, 0x0000000744900000|  0%| F|  |TS  0|AC  0|TAMS 0x0000000744800000, 0x0000000744800000|
|  73|0x0000000744900000, 0x0000000744900000, 0x0000000744a00000|  0%| F|  |TS  0|AC  0|TAMS 0x0000000744900000, 0x0000000744900000|
|  74|0x0000000744a00000, 0x0000000744a00000, 0x0000000744b00000|  0%| F|  |TS  0|AC  0|TAMS 0x0000000744a00000, 0x0000000744a00000|
|  75|0x0000000744b00000, 0x0000000744b00000, 0x0000000744c00000|  0%| F|  |TS  0|AC  0|TAMS 0x0000000744b00000, 0x0000000744b00000|
|  76|0x0000000744c00000, 0x0000000744c00000, 0x0000000744d00000|  0%| F|  |TS  0|AC  0|TAMS 0x0000000744c00000, 0x0000000744c00000|
|  77|0x0000000744d00000, 0x0000000744d00000, 0x0000000744e00000|  0%| F|  |TS  0|AC  0|TAMS 0x0000000744d00000, 0x0000000744d00000|
|  78|0x0000000744e00000, 0x0000000744e00000, 0x0000000744f00000|  0%| F|  |TS  0|AC  0|TAMS 0x0000000744e00000, 0x0000000744e00000|
|  79|0x0000000744f00000, 0x0000000744f00000, 0x0000000745000000|  0%| F|  |TS  0|AC  0|TAMS 0x0000000744f00000, 0x0000000744f00000|
|  80|0x0000000745000000, 0x0000000745000000, 0x0000000745100000|  0%| F|  |TS  0|AC  0|TAMS 0x0000000745000000, 0x0000000745000000|
|  81|0x0000000745100000, 0x0000000745100000, 0x0000000745200000|  0%| F|  |TS  0|AC  0|TAMS 0x0000000745100000, 0x0000000745100000|
|  82|0x0000000745200000, 0x0000000745200000, 0x0000000745300000|  0%| F|  |TS  0|AC  0|TAMS 0x0000000745200000, 0x0000000745200000|
|  83|0x0000000745300000, 0x0000000745300000, 0x0000000745400000|  0%| F|  |TS  0|AC  0|TAMS 0x0000000745300000, 0x0000000745300000|
|  84|0x0000000745400000, 0x0000000745400000, 0x0000000745500000|  0%| F|  |TS  0|AC  0|TAMS 0x0000000745400000, 0x0000000745400000|
|  85|0x0000000745500000, 0x0000000745500000, 0x0000000745600000|  0%| F|  |TS  0|AC  0|TAMS 0x0000000745500000, 0x0000000745500000|
|  86|0x0000000745600000, 0x0000000745600000, 0x0000000745700000|  0%| F|  |TS  0|AC  0|TAMS 0x0000000745600000, 0x0000000745600000|
|  87|0x0000000745700000, 0x0000000745700000, 0x0000000745800000|  0%| F|  |TS  0|AC  0|TAMS 0x0000000745700000, 0x0000000745700000|
|  88|0x0000000745800000, 0x0000000745800000, 0x0000000745900000|  0%| F|  |TS  0|AC  0|TAMS 0x0000000745800000, 0x0000000745800000|
|  89|0x0000000745900000, 0x0000000745900000, 0x0000000745a00000|  0%| F|  |TS  0|AC  0|TAMS 0x0000000745900000, 0x0000000745900000|
|  90|0x0000000745a00000, 0x0000000745a00000, 0x0000000745b00000|  0%| F|  |TS  0|AC  0|TAMS 0x0000000745a00000, 0x0000000745a00000|
|  91|0x0000000745b00000, 0x0000000745b00000, 0x0000000745c00000|  0%| F|  |TS  0|AC  0|TAMS 0x0000000745b00000, 0x0000000745b00000|
|  92|0x0000000745c00000, 0x0000000745c00000, 0x0000000745d00000|  0%| F|  |TS  0|AC  0|TAMS 0x0000000745c00000, 0x0000000745c00000|
|  93|0x0000000745d00000, 0x0000000745d00000, 0x0000000745e00000|  0%| F|  |TS  0|AC  0|TAMS 0x0000000745d00000, 0x0000000745d00000|
|  94|0x0000000745e00000, 0x0000000745e00000, 0x0000000745f00000|  0%| F|  |TS  0|AC  0|TAMS 0x0000000745e00000, 0x0000000745e00000|
|  95|0x0000000745f00000, 0x0000000745f00000, 0x0000000746000000|  0%| F|  |TS  0|AC  0|TAMS 0x0000000745f00000, 0x0000000745f00000|
|  96|0x0000000746000000, 0x0000000746000000, 0x0000000746100000|  0%| F|  |TS  0|AC  0|TAMS 0x0000000746000000, 0x0000000746000000|
|  97|0x0000000746100000, 0x0000000746100000, 0x0000000746200000|  0%| F|  |TS  0|AC  0|TAMS 0x0000000746100000, 0x0000000746100000|
|  98|0x0000000746200000, 0x0000000746200000, 0x0000000746300000|  0%| F|  |TS  0|AC  0|TAMS 0x0000000746200000, 0x0000000746200000|
|  99|0x0000000746300000, 0x0000000746300000, 0x0000000746400000|  0%| F|  |TS  0|AC  0|TAMS 0x0000000746300000, 0x0000000746300000|
| 100|0x0000000746400000, 0x0000000746400000, 0x0000000746500000|  0%| F|  |TS  0|AC  0|TAMS 0x0000000746400000, 0x0000000746400000|
| 101|0x0000000746500000, 0x0000000746500000, 0x0000000746600000|  0%| F|  |TS  0|AC  0|TAMS 0x0000000746500000, 0x0000000746500000|
| 102|0x0000000746600000, 0x0000000746600000, 0x0000000746700000|  0%| F|  |TS  0|AC  0|TAMS 0x0000000746600000, 0x0000000746600000|
| 103|0x0000000746700000, 0x0000000746700000, 0x0000000746800000|  0%| F|  |TS  0|AC  0|TAMS 0x0000000746700000, 0x0000000746700000|
| 104|0x0000000746800000, 0x0000000746800000, 0x0000000746900000|  0%| F|  |TS  0|AC  0|TAMS 0x0000000746800000, 0x0000000746800000|
| 105|0x0000000746900000, 0x0000000746900000, 0x0000000746a00000|  0%| F|  |TS  0|AC  0|TAMS 0x0000000746900000, 0x0000000746900000|
| 106|0x0000000746a00000, 0x0000000746a00000, 0x0000000746b00000|  0%| F|  |TS  0|AC  0|TAMS 0x0000000746a00000, 0x0000000746a00000|
| 107|0x0000000746b00000, 0x0000000746b00000, 0x0000000746c00000|  0%| F|  |TS  0|AC  0|TAMS 0x0000000746b00000, 0x0000000746b00000|
| 108|0x0000000746c00000, 0x0000000746c00000, 0x0000000746d00000|  0%| F|  |TS  0|AC  0|TAMS 0x0000000746c00000, 0x0000000746c00000|
| 109|0x0000000746d00000, 0x0000000746d00000, 0x0000000746e00000|  0%| F|  |TS  0|AC  0|TAMS 0x0000000746d00000, 0x0000000746d00000|
| 110|0x0000000746e00000, 0x0000000746e00000, 0x0000000746f00000|  0%| F|  |TS  0|AC  0|TAMS 0x0000000746e00000, 0x0000000746e00000|
| 111|0x0000000746f00000, 0x0000000746f00000, 0x0000000747000000|  0%| F|  |TS  0|AC  0|TAMS 0x0000000746f00000, 0x0000000746f00000|
| 112|0x0000000747000000, 0x0000000747000000, 0x0000000747100000|  0%| F|  |TS  0|AC  0|TAMS 0x0000000747000000, 0x0000000747000000|
| 113|0x0000000747100000, 0x0000000747100000, 0x0000000747200000|  0%| F|  |TS  0|AC  0|TAMS 0x0000000747100000, 0x0000000747100000|
| 114|0x0000000747200000, 0x0000000747200000, 0x0000000747300000|  0%| F|  |TS  0|AC  0|TAMS 0x0000000747200000, 0x0000000747200000|
| 115|0x0000000747300000, 0x0000000747300000, 0x0000000747400000|  0%| F|  |TS  0|AC  0|TAMS 0x0000000747300000, 0x0000000747300000|
| 116|0x0000000747400000, 0x0000000747400000, 0x0000000747500000|  0%| F|  |TS  0|AC  0|TAMS 0x0000000747400000, 0x0000000747400000|
| 117|0x0000000747500000, 0x0000000747500000, 0x0000000747600000|  0%| F|  |TS  0|AC  0|TAMS 0x0000000747500000, 0x0000000747500000|
| 118|0x0000000747600000, 0x0000000747600000, 0x0000000747700000|  0%| F|  |TS  0|AC  0|TAMS 0x0000000747600000, 0x0000000747600000|
| 119|0x0000000747700000, 0x0000000747700000, 0x0000000747800000|  0%| F|  |TS  0|AC  0|TAMS 0x0000000747700000, 0x0000000747700000|
| 120|0x0000000747800000, 0x0000000747800000, 0x0000000747900000|  0%| F|  |TS  0|AC  0|TAMS 0x0000000747800000, 0x0000000747800000|
| 121|0x0000000747900000, 0x0000000747900000, 0x0000000747a00000|  0%| F|  |TS  0|AC  0|TAMS 0x0000000747900000, 0x0000000747900000|
| 122|0x0000000747a00000, 0x0000000747a00800, 0x0000000747b00000|  0%| E|  |TS  0|AC  0|TAMS 0x0000000747a00000, 0x0000000747a00000|
| 123|0x0000000747b00000, 0x0000000747c00000, 0x0000000747c00000|100%| E|CS|TS  0|AC  0|TAMS 0x0000000747b00000, 0x0000000747b00000|
| 124|0x0000000747c00000, 0x0000000747d00000, 0x0000000747d00000|100%| E|CS|TS  0|AC  0|TAMS 0x0000000747c00000, 0x0000000747c00000|
| 125|0x0000000747d00000, 0x0000000747e00000, 0x0000000747e00000|100%| E|CS|TS  0|AC  0|TAMS 0x0000000747d00000, 0x0000000747d00000|
| 126|0x0000000747e00000, 0x0000000747f00000, 0x0000000747f00000|100%| E|CS|TS  0|AC  0|TAMS 0x0000000747e00000, 0x0000000747e00000|
| 127|0x0000000747f00000, 0x0000000748000000, 0x0000000748000000|100%| E|CS|TS  0|AC  0|TAMS 0x0000000747f00000, 0x0000000747f00000|

Card table byte_map: [0x000000010ce78000,0x000000010d278000] byte_map_base: 0x0000000109478000

Marking Bits (Prev, Next): (CMBitMap*) 0x00007f9aa083aa60, (CMBitMap*) 0x00007f9aa083aa98
 Prev Bits: [0x000000010d678000, 0x000000010f678000)
 Next Bits: [0x000000010f678000, 0x0000000111678000)

Polling page: 0x000000010ad6d000

CodeHeap 'non-profiled nmethods': size=120032Kb used=129Kb max_used=129Kb free=119902Kb
 bounds [0x000000012561f000, 0x000000012588f000, 0x000000012cb57000]
CodeHeap 'profiled nmethods': size=120032Kb used=685Kb max_used=685Kb free=119346Kb
 bounds [0x000000011e0e7000, 0x000000011e357000, 0x000000012561f000]
CodeHeap 'non-nmethods': size=5696Kb used=1089Kb max_used=1101Kb free=4606Kb
 bounds [0x000000011db57000, 0x000000011ddc7000, 0x000000011e0e7000]
 total_blobs=973 nmethods=474 adapters=327
 compilation: enabled

Compilation events (10 events):
Event: 0.533 Thread 0x00007f9aa0046800  468       3       java.util.StringTokenizer::hasMoreTokens (29 bytes)
Event: 0.533 Thread 0x00007f9aa0046800 nmethod 468 0x000000011e190990 code [0x000000011e190b60, 0x000000011e190d68]
Event: 0.533 Thread 0x00007f9aa0046800  470       3       java.util.StringTokenizer::nextToken (92 bytes)
Event: 0.533 Thread 0x00007f9aa0046800 nmethod 470 0x000000011e190e10 code [0x000000011e191000, 0x000000011e191378]
Event: 0.534 Thread 0x00007f9aa0046800  472       3       java.util.regex.Matcher::groupCount (10 bytes)
Event: 0.534 Thread 0x00007f9aa0046800 nmethod 472 0x000000011e191510 code [0x000000011e1916c0, 0x000000011e191830]
Event: 0.534 Thread 0x00007f9aa0046800  473       3       java.util.ArrayList$Itr::hasNext (20 bytes)
Event: 0.534 Thread 0x00007f9aa0046800 nmethod 473 0x000000011e191910 code [0x000000011e191ac0, 0x000000011e191c90]
Event: 0.535 Thread 0x00007f9aa0046800  474       3       java.lang.String::endsWith (15 bytes)
Event: 0.535 Thread 0x00007f9aa0046800 nmethod 474 0x000000011e191d90 code [0x000000011e191f80, 0x000000011e192308]

GC Heap History (0 events):
No events

Deoptimization events (1 events):
Event: 0.114 Thread 0x00007f9aa0800000 Uncommon trap: reason=unstable_if action=reinterpret pc=0x00000001256224d4 method=java.lang.String.hashCode()I @ 14 c2

Classes redefined (0 events):
No events

Internal exceptions (3 events):
Event: 0.474 Thread 0x00007f9aa0800000 Exception <a 'java/lang/NoSuchMethodError'{0x0000000747dfc910}: java.lang.invoke.DirectMethodHandle$Holder.invokeStatic(Ljava/lang/Object;ILjava/lang/Object;)Ljava/lang/Object;> (0x0000000747dfc910) thrown at [/scratch/mesos/slaves/555f5737-a945-4eb0-8d30
Event: 0.514 Thread 0x00007f9aa0800000 Exception <a 'java/lang/ClassNotFoundException'{0x0000000747cccc70}: sun/util/logging/resources/spi/loggingProvider> (0x0000000747cccc70) thrown at [/scratch/mesos/slaves/555f5737-a945-4eb0-8d30-afb1fc816afd-S70/frameworks/1735e8a2-a1db-478c-8104-60c8b0af
Event: 0.522 Thread 0x00007f9aa0800000 Exception <a 'java/lang/NoSuchMethodError'{0x0000000747cf40e8}: java.lang.Object.lambda$union$2(Ljava/util/regex/Pattern$CharPredicate;I)Z> (0x0000000747cf40e8) thrown at [/scratch/mesos/slaves/555f5737-a945-4eb0-8d30-afb1fc816afd-S70/frameworks/1735e8a2-

Events (10 events):
Event: 0.535 loading class java/util/concurrent/locks/AbstractQueuedSynchronizer$ConditionObject
Event: 0.535 loading class java/util/concurrent/locks/Condition
Event: 0.535 loading class java/util/concurrent/locks/Condition done
Event: 0.535 loading class java/util/concurrent/locks/AbstractQueuedSynchronizer$ConditionObject done
Event: 0.535 loading class MersennePrimeSearch$2
Event: 0.535 loading class MersennePrimeSearch$2 done
Event: 0.535 Thread 0x00007f9a9f86e000 Thread added: 0x00007f9a9f86e000
Event: 0.535 Thread 0x00007f9a9f87f000 Thread added: 0x00007f9a9f87f000
Event: 0.536 Thread 0x00007f9a9f8c0000 Thread added: 0x00007f9a9f8c0000
Event: 0.536 Thread 0x00007f9aa11de800 Thread added: 0x00007f9aa11de800


Dynamic libraries:
0x00007fff3e5cb000 	/System/Library/Frameworks/Cocoa.framework/Versions/A/Cocoa
0x00007fff4aba2000 	/System/Library/Frameworks/Security.framework/Versions/A/Security
0x00007fff3d20f000 	/System/Library/Frameworks/ApplicationServices.framework/Versions/A/ApplicationServices
0x00007fff66f03000 	/usr/lib/libz.1.dylib
0x00007fff64e3e000 	/usr/lib/libSystem.B.dylib
0x00007fff3ed80000 	/System/Library/Frameworks/CoreFoundation.framework/Versions/A/CoreFoundation
0x00007fff40ed4000 	/System/Library/Frameworks/Foundation.framework/Versions/C/Foundation
0x00007fff664ed000 	/usr/lib/libobjc.A.dylib
0x00007fff3c35f000 	/System/Library/Frameworks/AppKit.framework/Versions/C/AppKit
0x00007fff3e943000 	/System/Library/Frameworks/CoreData.framework/Versions/A/CoreData
0x00007fff5e792000 	/System/Library/PrivateFrameworks/RemoteViewServices.framework/Versions/A/RemoteViewServices
0x00007fff62ee3000 	/System/Library/PrivateFrameworks/UIFoundation.framework/Versions/A/UIFoundation
0x00007fff535f4000 	/System/Library/PrivateFrameworks/DFRFoundation.framework/Versions/A/DFRFoundation
0x00007fff43518000 	/System/Library/Frameworks/Metal.framework/Versions/A/Metal
0x00007fff53791000 	/System/Library/PrivateFrameworks/DesktopServicesPriv.framework/Versions/A/DesktopServicesPriv
0x00007fff65a43000 	/usr/lib/libenergytrace.dylib
0x00007fff60f58000 	/System/Library/PrivateFrameworks/SkyLight.framework/Versions/A/SkyLight
0x00007fff3f223000 	/System/Library/Frameworks/CoreGraphics.framework/Versions/A/CoreGraphics
0x00007fff64e39000 	/usr/lib/libScreenReader.dylib
0x00007fff3b2fa000 	/System/Library/Frameworks/Accelerate.framework/Versions/A/Accelerate
0x00007fff4164d000 	/System/Library/Frameworks/IOSurface.framework/Versions/A/IOSurface
0x00007fff3d759000 	/System/Library/Frameworks/AudioToolbox.framework/Versions/A/AudioToolbox
0x00007fff3d9e8000 	/System/Library/Frameworks/AudioUnit.framework/Versions/A/AudioUnit
0x00007fff5368c000 	/System/Library/PrivateFrameworks/DataDetectorsCore.framework/Versions/A/DataDetectorsCore
0x00007fff3e0be000 	/System/Library/Frameworks/Carbon.framework/Versions/A/Frameworks/HIToolbox.framework/Versions/A/HIToolbox
0x00007fff65b9d000 	/usr/lib/libicucore.A.dylib
0x00007fff4a123000 	/System/Library/Frameworks/QuartzCore.framework/Versions/A/QuartzCore
0x00007fff6020f000 	/System/Library/PrivateFrameworks/SignpostNotification.framework/Versions/A/SignpostNotification
0x00007fff3e4a4000 	/System/Library/Frameworks/Carbon.framework/Versions/A/Frameworks/SpeechRecognition.framework/Versions/A/SpeechRecognition
0x00007fff64f9a000 	/usr/lib/libauto.dylib
0x00007fff66df2000 	/usr/lib/libxml2.2.dylib
0x00007fff53247000 	/System/Library/PrivateFrameworks/CoreUI.framework/Versions/A/CoreUI
0x00007fff3e81f000 	/System/Library/Frameworks/CoreAudio.framework/Versions/A/CoreAudio
0x00007fff40d0e000 	/System/Library/Frameworks/DiskArbitration.framework/Versions/A/DiskArbitration
0x00007fff65e11000 	/usr/lib/liblangid.dylib
0x00007fff5aca2000 	/System/Library/PrivateFrameworks/MultitouchSupport.framework/Versions/A/MultitouchSupport
0x00007fff415b0000 	/System/Library/Frameworks/IOKit.framework/Versions/A/IOKit
0x00007fff64ac8000 	/usr/lib/libDiagnosticMessagesClient.dylib
0x00007fff3feec000 	/System/Library/Frameworks/CoreServices.framework/Versions/A/CoreServices
0x00007fff5c7d0000 	/System/Library/PrivateFrameworks/PerformanceAnalysis.framework/Versions/A/PerformanceAnalysis
0x00007fff492c5000 	/System/Library/Frameworks/OpenGL.framework/Versions/A/OpenGL
0x00007fff3e5d9000 	/System/Library/Frameworks/ColorSync.framework/Versions/A/ColorSync
0x00007fff3f835000 	/System/Library/Frameworks/CoreImage.framework/Versions/A/CoreImage
0x00007fff4087c000 	/System/Library/Frameworks/CoreText.framework/Versions/A/CoreText
0x00007fff416ab000 	/System/Library/Frameworks/ImageIO.framework/Versions/A/ImageIO
0x00007fff4f98f000 	/System/Library/PrivateFrameworks/Backup.framework/Versions/A/Backup
0x00007fff64eea000 	/usr/lib/libarchive.2.dylib
0x00007fff3dd0a000 	/System/Library/Frameworks/CFNetwork.framework/Versions/A/CFNetwork
0x00007fff4b332000 	/System/Library/Frameworks/SystemConfiguration.framework/Versions/A/SystemConfiguration
0x00007fff649f1000 	/usr/lib/libCRFSuite.dylib
0x00007fff65073000 	/usr/lib/libc++.1.dylib
0x00007fff650ca000 	/usr/lib/libc++abi.dylib
0x00007fff66fb1000 	/usr/lib/system/libcache.dylib
0x00007fff66fb6000 	/usr/lib/system/libcommonCrypto.dylib
0x00007fff66fc1000 	/usr/lib/system/libcompiler_rt.dylib
0x00007fff66fc9000 	/usr/lib/system/libcopyfile.dylib
0x00007fff66fd3000 	/usr/lib/system/libcorecrypto.dylib
0x00007fff670e0000 	/usr/lib/system/libdispatch.dylib
0x00007fff6711a000 	/usr/lib/system/libdyld.dylib
0x00007fff67138000 	/usr/lib/system/libkeymgr.dylib
0x00007fff67146000 	/usr/lib/system/liblaunch.dylib
0x00007fff67147000 	/usr/lib/system/libmacho.dylib
0x00007fff6714c000 	/usr/lib/system/libquarantine.dylib
0x00007fff6714f000 	/usr/lib/system/libremovefile.dylib
0x00007fff67151000 	/usr/lib/system/libsystem_asl.dylib
0x00007fff67169000 	/usr/lib/system/libsystem_blocks.dylib
0x00007fff6716a000 	/usr/lib/system/libsystem_c.dylib
0x00007fff671f4000 	/usr/lib/system/libsystem_configuration.dylib
0x00007fff671f8000 	/usr/lib/system/libsystem_coreservices.dylib
0x00007fff671fc000 	/usr/lib/system/libsystem_darwin.dylib
0x00007fff671fe000 	/usr/lib/system/libsystem_dnssd.dylib
0x00007fff67205000 	/usr/lib/system/libsystem_info.dylib
0x00007fff67276000 	/usr/lib/system/libsystem_m.dylib
0x00007fff672c2000 	/usr/lib/system/libsystem_malloc.dylib
0x00007fff672e2000 	/usr/lib/system/libsystem_network.dylib
0x00007fff67413000 	/usr/lib/system/libsystem_networkextension.dylib
0x00007fff6741e000 	/usr/lib/system/libsystem_notify.dylib
0x00007fff6743c000 	/usr/lib/system/libsystem_sandbox.dylib
0x00007fff67440000 	/usr/lib/system/libsystem_secinit.dylib
0x00007fff6724f000 	/usr/lib/system/libsystem_kernel.dylib
0x00007fff67428000 	/usr/lib/system/libsystem_platform.dylib
0x00007fff67430000 	/usr/lib/system/libsystem_pthread.dylib
0x00007fff67442000 	/usr/lib/system/libsystem_symptoms.dylib
0x00007fff6744a000 	/usr/lib/system/libsystem_trace.dylib
0x00007fff6745f000 	/usr/lib/system/libunwind.dylib
0x00007fff67465000 	/usr/lib/system/libxpc.dylib
0x00007fff64904000 	/usr/lib/closure/libclosured.dylib
0x00007fff65054000 	/usr/lib/libbsm.0.dylib
0x00007fff67139000 	/usr/lib/system/libkxld.dylib
0x00007fff64d02000 	/usr/lib/libOpenScriptingUtil.dylib
0x00007fff653c2000 	/usr/lib/libcoretls.dylib
0x00007fff653db000 	/usr/lib/libcoretls_cfhelpers.dylib
0x00007fff668ee000 	/usr/lib/libpam.2.dylib
0x00007fff66a15000 	/usr/lib/libsqlite3.dylib
0x00007fff66de1000 	/usr/lib/libxar.1.dylib
0x00007fff65065000 	/usr/lib/libbz2.1.0.dylib
0x00007fff65e13000 	/usr/lib/liblzma.5.dylib
0x00007fff662f4000 	/usr/lib/libnetwork.dylib
0x00007fff64ed3000 	/usr/lib/libapple_nghttp2.dylib
0x00007fff668f5000 	/usr/lib/libpcap.A.dylib
0x00007fff64f9b000 	/usr/lib/libboringssl.dylib
0x00007fff66d7c000 	/usr/lib/libusrtcp.dylib
0x00007fff64ed2000 	/usr/lib/libapple_crypto.dylib
0x00007fff4026f000 	/System/Library/Frameworks/CoreServices.framework/Versions/A/Frameworks/FSEvents.framework/Versions/A/FSEvents
0x00007fff3ff62000 	/System/Library/Frameworks/CoreServices.framework/Versions/A/Frameworks/CarbonCore.framework/Versions/A/CarbonCore
0x00007fff40436000 	/System/Library/Frameworks/CoreServices.framework/Versions/A/Frameworks/Metadata.framework/Versions/A/Metadata
0x00007fff404e7000 	/System/Library/Frameworks/CoreServices.framework/Versions/A/Frameworks/OSServices.framework/Versions/A/OSServices
0x00007fff40548000 	/System/Library/Frameworks/CoreServices.framework/Versions/A/Frameworks/SearchKit.framework/Versions/A/SearchKit
0x00007fff3feed000 	/System/Library/Frameworks/CoreServices.framework/Versions/A/Frameworks/AE.framework/Versions/A/AE
0x00007fff40278000 	/System/Library/Frameworks/CoreServices.framework/Versions/A/Frameworks/LaunchServices.framework/Versions/A/LaunchServices
0x00007fff4023a000 	/System/Library/Frameworks/CoreServices.framework/Versions/A/Frameworks/DictionaryServices.framework/Versions/A/DictionaryServices
0x00007fff405b7000 	/System/Library/Frameworks/CoreServices.framework/Versions/A/Frameworks/SharedFileList.framework/Versions/A/SharedFileList
0x00007fff4474e000 	/System/Library/Frameworks/NetFS.framework/Versions/A/NetFS
0x00007fff5af33000 	/System/Library/PrivateFrameworks/NetAuth.framework/Versions/A/NetAuth
0x00007fff6479b000 	/System/Library/PrivateFrameworks/login.framework/Versions/A/Frameworks/loginsupport.framework/Versions/A/loginsupport
0x00007fff62b64000 	/System/Library/PrivateFrameworks/TCC.framework/Versions/A/TCC
0x00007fff65ef4000 	/usr/lib/libmecabra.dylib
0x00007fff3d210000 	/System/Library/Frameworks/ApplicationServices.framework/Versions/A/Frameworks/ATS.framework/Versions/A/ATS
0x00007fff3d5be000 	/System/Library/Frameworks/ApplicationServices.framework/Versions/A/Frameworks/ColorSyncLegacy.framework/Versions/A/ColorSyncLegacy
0x00007fff3d662000 	/System/Library/Frameworks/ApplicationServices.framework/Versions/A/Frameworks/HIServices.framework/Versions/A/HIServices
0x00007fff3d6b5000 	/System/Library/Frameworks/ApplicationServices.framework/Versions/A/Frameworks/LangAnalysis.framework/Versions/A/LangAnalysis
0x00007fff3d6c4000 	/System/Library/Frameworks/ApplicationServices.framework/Versions/A/Frameworks/PrintCore.framework/Versions/A/PrintCore
0x00007fff3d711000 	/System/Library/Frameworks/ApplicationServices.framework/Versions/A/Frameworks/QD.framework/Versions/A/QD
0x00007fff3d74c000 	/System/Library/Frameworks/ApplicationServices.framework/Versions/A/Frameworks/SpeechSynthesis.framework/Versions/A/SpeechSynthesis
0x00007fff3ec9a000 	/System/Library/Frameworks/CoreDisplay.framework/Versions/A/CoreDisplay
0x00007fff3b312000 	/System/Library/Frameworks/Accelerate.framework/Versions/A/Frameworks/vImage.framework/Versions/A/vImage
0x00007fff3c06c000 	/System/Library/Frameworks/Accelerate.framework/Versions/A/Frameworks/vecLib.framework/Versions/A/vecLib
0x00007fff3be0c000 	/System/Library/Frameworks/Accelerate.framework/Versions/A/Frameworks/vecLib.framework/Versions/A/libvDSP.dylib
0x00007fff3b96c000 	/System/Library/Frameworks/Accelerate.framework/Versions/A/Frameworks/vecLib.framework/Versions/A/libBNNS.dylib
0x00007fff3bd71000 	/System/Library/Frameworks/Accelerate.framework/Versions/A/Frameworks/vecLib.framework/Versions/A/libQuadrature.dylib
0x00007fff3bfba000 	/System/Library/Frameworks/Accelerate.framework/Versions/A/Frameworks/vecLib.framework/Versions/A/libvMisc.dylib
0x00007fff3b99b000 	/System/Library/Frameworks/Accelerate.framework/Versions/A/Frameworks/vecLib.framework/Versions/A/libLAPACK.dylib
0x00007fff3b811000 	/System/Library/Frameworks/Accelerate.framework/Versions/A/Frameworks/vecLib.framework/Versions/A/libBLAS.dylib
0x00007fff3bd5b000 	/System/Library/Frameworks/Accelerate.framework/Versions/A/Frameworks/vecLib.framework/Versions/A/libLinearAlgebra.dylib
0x00007fff3bd77000 	/System/Library/Frameworks/Accelerate.framework/Versions/A/Frameworks/vecLib.framework/Versions/A/libSparse.dylib
0x00007fff3bdf8000 	/System/Library/Frameworks/Accelerate.framework/Versions/A/Frameworks/vecLib.framework/Versions/A/libSparseBLAS.dylib
0x00007fff57dcd000 	/System/Library/PrivateFrameworks/GPUWrangler.framework/Versions/A/GPUWrangler
0x00007fff5954a000 	/System/Library/PrivateFrameworks/IOAccelerator.framework/Versions/A/IOAccelerator
0x00007fff59555000 	/System/Library/PrivateFrameworks/IOPresentment.framework/Versions/A/IOPresentment
0x00007fff53606000 	/System/Library/PrivateFrameworks/DSExternalDisplay.framework/Versions/A/DSExternalDisplay
0x00007fff48745000 	/System/Library/Frameworks/OpenGL.framework/Versions/A/Libraries/libCoreFSCache.dylib
0x00007fff409cd000 	/System/Library/Frameworks/CoreVideo.framework/Versions/A/CoreVideo
0x00007fff58b48000 	/System/Library/PrivateFrameworks/GraphVisualizer.framework/Versions/A/GraphVisualizer
0x00007fff4374f000 	/System/Library/Frameworks/MetalPerformanceShaders.framework/Versions/A/MetalPerformanceShaders
0x00007fff64b00000 	/usr/lib/libFosl_dynamic.dylib
0x00007fff546d7000 	/System/Library/PrivateFrameworks/FaceCore.framework/Versions/A/FaceCore
0x00007fff4754c000 	/System/Library/Frameworks/OpenCL.framework/Versions/A/OpenCL
0x00007fff65101000 	/usr/lib/libcompression.dylib
0x00007fff3d30f000 	/System/Library/Frameworks/ApplicationServices.framework/Versions/A/Frameworks/ATS.framework/Versions/A/Resources/libFontParser.dylib
0x00007fff3d432000 	/System/Library/Frameworks/ApplicationServices.framework/Versions/A/Frameworks/ATS.framework/Versions/A/Resources/libFontRegistry.dylib
0x00007fff41912000 	/System/Library/Frameworks/ImageIO.framework/Versions/A/Resources/libJPEG.dylib
0x00007fff41c3b000 	/System/Library/Frameworks/ImageIO.framework/Versions/A/Resources/libTIFF.dylib
0x00007fff41c11000 	/System/Library/Frameworks/ImageIO.framework/Versions/A/Resources/libPng.dylib
0x00007fff41825000 	/System/Library/Frameworks/ImageIO.framework/Versions/A/Resources/libGIF.dylib
0x00007fff4182a000 	/System/Library/Frameworks/ImageIO.framework/Versions/A/Resources/libJP2.dylib
0x00007fff41c38000 	/System/Library/Frameworks/ImageIO.framework/Versions/A/Resources/libRadiance.dylib
0x00007fff4f0bc000 	/System/Library/PrivateFrameworks/AppleJPEG.framework/Versions/A/AppleJPEG
0x00007fff435b6000 	/System/Library/Frameworks/MetalPerformanceShaders.framework/Frameworks/MPSCore.framework/Versions/A/MPSCore
0x00007fff435d2000 	/System/Library/Frameworks/MetalPerformanceShaders.framework/Frameworks/MPSImage.framework/Versions/A/MPSImage
0x00007fff43667000 	/System/Library/Frameworks/MetalPerformanceShaders.framework/Frameworks/MPSNeuralNetwork.framework/Versions/A/MPSNeuralNetwork
0x00007fff43642000 	/System/Library/Frameworks/MetalPerformanceShaders.framework/Frameworks/MPSMatrix.framework/Versions/A/MPSMatrix
0x00007fff5aa18000 	/System/Library/PrivateFrameworks/MetalTools.framework/Versions/A/MetalTools
0x00007fff4890f000 	/System/Library/Frameworks/OpenGL.framework/Versions/A/Libraries/libGLU.dylib
0x00007fff48750000 	/System/Library/Frameworks/OpenGL.framework/Versions/A/Libraries/libGFXShared.dylib
0x00007fff4875a000 	/System/Library/Frameworks/OpenGL.framework/Versions/A/Libraries/libGL.dylib
0x00007fff48766000 	/System/Library/Frameworks/OpenGL.framework/Versions/A/Libraries/libGLImage.dylib
0x00007fff48742000 	/System/Library/Frameworks/OpenGL.framework/Versions/A/Libraries/libCVMSPluginSupport.dylib
0x00007fff4874b000 	/System/Library/Frameworks/OpenGL.framework/Versions/A/Libraries/libCoreVMClient.dylib
0x00007fff658ad000 	/usr/lib/libcups.2.dylib
0x00007fff42b25000 	/System/Library/Frameworks/Kerberos.framework/Versions/A/Kerberos
0x00007fff4130a000 	/System/Library/Frameworks/GSS.framework/Versions/A/GSS
0x00007fff669a8000 	/usr/lib/libresolv.9.dylib
0x00007fff65aab000 	/usr/lib/libiconv.2.dylib
0x00007fff58bda000 	/System/Library/PrivateFrameworks/Heimdal.framework/Versions/A/Heimdal
0x00007fff65a7a000 	/usr/lib/libheimdal-asn1.dylib
0x00007fff475b8000 	/System/Library/Frameworks/OpenDirectory.framework/Versions/A/OpenDirectory
0x00007fff513cc000 	/System/Library/PrivateFrameworks/CommonAuth.framework/Versions/A/CommonAuth
0x00007fff4759b000 	/System/Library/Frameworks/OpenDirectory.framework/Versions/A/Frameworks/CFOpenDirectory.framework/Versions/A/CFOpenDirectory
0x00007fff4aecb000 	/System/Library/Frameworks/SecurityFoundation.framework/Versions/A/SecurityFoundation
0x00007fff4e293000 	/System/Library/PrivateFrameworks/APFS.framework/Versions/A/APFS
0x00007fff66ddd000 	/usr/lib/libutil.dylib
0x00007fff4f13f000 	/System/Library/PrivateFrameworks/AppleSauce.framework/Versions/A/AppleSauce
0x00007fff59d32000 	/System/Library/PrivateFrameworks/LinguisticData.framework/Versions/A/LinguisticData
0x00007fff65e2d000 	/usr/lib/libmarisa.dylib
0x00007fff59cec000 	/System/Library/PrivateFrameworks/Lexicon.framework/Versions/A/Lexicon
0x00007fff64a2b000 	/usr/lib/libChineseTokenizer.dylib
0x00007fff650f0000 	/usr/lib/libcmph.dylib
0x00007fff59bf6000 	/System/Library/PrivateFrameworks/LanguageModeling.framework/Versions/A/LanguageModeling
0x00007fff51ed8000 	/System/Library/PrivateFrameworks/CoreEmoji.framework/Versions/A/CoreEmoji
0x00007fff4af89000 	/System/Library/Frameworks/ServiceManagement.framework/Versions/A/ServiceManagement
0x00007fff4f987000 	/System/Library/PrivateFrameworks/BackgroundTaskManagement.framework/Versions/A/BackgroundTaskManagement
0x00007fff66eda000 	/usr/lib/libxslt.1.dylib
0x00007fff3e3ce000 	/System/Library/Frameworks/Carbon.framework/Versions/A/Frameworks/Ink.framework/Versions/A/Ink
0x00007fff62d79000 	/System/Library/PrivateFrameworks/TextureIO.framework/Versions/A/TextureIO
0x00007fff64f15000 	/usr/lib/libate.dylib
0x00007fff53566000 	/System/Library/PrivateFrameworks/CrashReporterSupport.framework/Versions/A/CrashReporterSupport
0x00007fff600d2000 	/System/Library/PrivateFrameworks/Sharing.framework/Versions/A/Sharing
0x00007fff59938000 	/System/Library/PrivateFrameworks/IconServices.framework/Versions/A/IconServices
0x00007fff4ef41000 	/System/Library/PrivateFrameworks/Apple80211.framework/Versions/A/Apple80211
0x00007fff5337c000 	/System/Library/PrivateFrameworks/CoreUtils.framework/Versions/A/CoreUtils
0x00007fff40a08000 	/System/Library/Frameworks/CoreWLAN.framework/Versions/A/CoreWLAN
0x00007fff4144c000 	/System/Library/Frameworks/IOBluetooth.framework/Versions/A/IOBluetooth
0x00007fff5e59e000 	/System/Library/PrivateFrameworks/ProtocolBuffer.framework/Versions/A/ProtocolBuffer
0x00007fff53501000 	/System/Library/PrivateFrameworks/CoreWiFi.framework/Versions/A/CoreWiFi
0x00007fff3e919000 	/System/Library/Frameworks/CoreBluetooth.framework/Versions/A/CoreBluetooth
0x00007fff53750000 	/System/Library/PrivateFrameworks/DebugSymbols.framework/Versions/A/DebugSymbols
0x00007fff53133000 	/System/Library/PrivateFrameworks/CoreSymbolication.framework/Versions/A/CoreSymbolication
0x00007fff6256b000 	/System/Library/PrivateFrameworks/Symbolication.framework/Versions/A/Symbolication
0x00007fff4ef6b000 	/System/Library/PrivateFrameworks/AppleFSCompression.framework/Versions/A/AppleFSCompression
0x00007fff619ba000 	/System/Library/PrivateFrameworks/SpeechRecognitionCore.framework/Versions/A/SpeechRecognitionCore
0x000000010b600000 	/Library/Java/JavaVirtualMachines/jdk-10.0.1.jdk/Contents/Home/lib/server/libjvm.dylib
0x00007fff66caa000 	/usr/lib/libstdc++.6.0.9.dylib
0x000000010ad2b000 	/Library/Java/JavaVirtualMachines/jdk-10.0.1.jdk/Contents/Home/lib/libverify.dylib
0x000000010ad38000 	/Library/Java/JavaVirtualMachines/jdk-10.0.1.jdk/Contents/Home/lib/libjava.dylib
0x000000010adb7000 	/Library/Java/JavaVirtualMachines/jdk-10.0.1.jdk/Contents/Home/lib/libzip.dylib
0x000000010adbf000 	/Library/Java/JavaVirtualMachines/jdk-10.0.1.jdk/Contents/Home/lib/libjimage.dylib
0x0000000112416000 	/Library/Java/JavaVirtualMachines/jdk-10.0.1.jdk/Contents/Home/lib/libnio.dylib
0x0000000112426000 	/Library/Java/JavaVirtualMachines/jdk-10.0.1.jdk/Contents/Home/lib/./libnet.dylib
0x00000001124c5000 	/usr/local/lib/libmpi_java.20.dylib
0x00000001124e4000 	/usr/local/lib/libmpi.20.dylib
0x00000001125d9000 	/usr/local/lib/libopen-rte.20.dylib
0x000000011264d000 	/usr/local/lib/libopen-pal.20.dylib
0x000000010adfd000 	/usr/local/lib/openmpi/mca_patcher_overwrite.so
0x0000000112715000 	/usr/local/lib/openmpi/mca_shmem_mmap.so
0x000000011270e000 	/usr/local/lib/openmpi/mca_sec_basic.so
0x0000000112719000 	/usr/local/lib/openmpi/mca_ess_pmi.so
0x000000011271f000 	/usr/local/lib/openmpi/mca_pmix_pmix112.so
0x0000000112711000 	/usr/local/lib/openmpi/mca_state_app.so
0x000000011276f000 	/usr/local/lib/openmpi/mca_errmgr_default_app.so
0x000000011277e000 	/usr/local/lib/openmpi/mca_oob_usock.so
0x000000011278b000 	/usr/local/lib/openmpi/mca_oob_tcp.so
0x000000011279e000 	/usr/local/lib/openmpi/mca_rml_oob.so
0x0000000112776000 	/usr/local/lib/openmpi/mca_routed_radix.so
0x0000000112772000 	/usr/local/lib/openmpi/mca_grpcomm_direct.so
0x000000011277a000 	/usr/local/lib/openmpi/mca_allocator_basic.so
0x00000001127a2000 	/usr/local/lib/openmpi/mca_allocator_bucket.so
0x00000001127a5000 	/usr/local/lib/openmpi/mca_rcache_vma.so
0x00000001127aa000 	/usr/local/lib/openmpi/mca_mpool_sm.so
0x00000001127ad000 	/usr/local/lib/libmca_common_sm.20.dylib
0x00000001127b0000 	/usr/local/lib/openmpi/mca_mpool_grdma.so
0x00000001127b4000 	/usr/local/lib/openmpi/mca_bml_r2.so
0x000000012eb57000 	/usr/local/lib/openmpi/mca_btl_tcp.so
0x00000001127b9000 	/usr/local/lib/openmpi/mca_btl_sm.so
0x000000012ebe6000 	/usr/local/lib/openmpi/mca_btl_vader.so
0x000000012ebed000 	/usr/local/lib/openmpi/mca_btl_self.so
0x000000012f17b000 	/usr/local/lib/openmpi/mca_pml_ob1.so
0x000000012f190000 	/usr/local/lib/openmpi/mca_vprotocol_pessimist.so
0x000000012f174000 	/usr/local/lib/openmpi/mca_coll_self.so
0x000000012f177000 	/usr/local/lib/openmpi/mca_coll_inter.so
0x000000012f197000 	/usr/local/lib/openmpi/mca_coll_sync.so
0x000000012f19b000 	/usr/local/lib/openmpi/mca_coll_sm.so
0x000000012f1a1000 	/usr/local/lib/openmpi/mca_coll_basic.so
0x000000012f1ad000 	/usr/local/lib/openmpi/mca_coll_tuned.so
0x000000012f1bc000 	/usr/local/lib/openmpi/mca_coll_libnbc.so
0x000000012f1d1000 	/usr/local/lib/openmpi/mca_osc_sm.so
0x000000012f1d7000 	/usr/local/lib/openmpi/mca_osc_rdma.so
0x000000012f1eb000 	/usr/local/lib/openmpi/mca_osc_pt2pt.so


VM Arguments:
jvm_args: -Djava.library.path=/usr/local/lib 
java_command: MersennePrimeSearch
java_class_path (initial): /Users/meotm01/devel/teaching/cs320s18/mersenne/target/classes:.:/usr/local/lib/mpi.jar
Launcher Type: SUN_STANDARD

Logging:
Log output configuration:
#0: stdout all=warning uptime,level,tags
#1: stderr all=off uptime,level,tags

Environment Variables:
CLASSPATH=.
PATH=/usr/local/bin:/usr/local/bin:/Users/meotm01/devel/util/mongo/bin:/Users/meotm01/devel/util/anaconda3/bin:/bin:/usr/bin:/sbin:/usr/sbin:/usr/local/bin:/Users/meotm01/devel/bin
SHELL=/bin/bash

Signal Handlers:
SIGSEGV: [libjvm.dylib+0x79ac14], sa_mask[0]=11111111011111110111111111111111, sa_flags=SA_ONSTACK|SA_RESTART|SA_SIGINFO
SIGBUS: [libjvm.dylib+0x79ac14], sa_mask[0]=11111111011111110111111111111111, sa_flags=SA_RESTART|SA_SIGINFO
SIGFPE: [libjvm.dylib+0x79ac14], sa_mask[0]=11111111011111110111111111111111, sa_flags=SA_RESTART|SA_SIGINFO
SIGPIPE: [libjvm.dylib+0x635960], sa_mask[0]=11111111011111110111111111111111, sa_flags=SA_RESTART|SA_SIGINFO
SIGXFSZ: [libjvm.dylib+0x635960], sa_mask[0]=11111111011111110111111111111111, sa_flags=SA_RESTART|SA_SIGINFO
SIGILL: [libjvm.dylib+0x79ac14], sa_mask[0]=11111111011111110111111111111111, sa_flags=SA_RESTART|SA_SIGINFO
SIGUSR2: [libjvm.dylib+0x6361f0], sa_mask[0]=00000000000000000000000000000000, sa_flags=SA_RESTART|SA_SIGINFO
SIGHUP: [libjvm.dylib+0x6349db], sa_mask[0]=11111111011111110111111111111111, sa_flags=SA_RESTART|SA_SIGINFO
SIGINT: [libjvm.dylib+0x6349db], sa_mask[0]=11111111011111110111111111111111, sa_flags=SA_RESTART|SA_SIGINFO
SIGTERM: [libjvm.dylib+0x6349db], sa_mask[0]=11111111011111110111111111111111, sa_flags=SA_RESTART|SA_SIGINFO
SIGQUIT: [libjvm.dylib+0x6349db], sa_mask[0]=11111111011111110111111111111111, sa_flags=SA_RESTART|SA_SIGINFO


---------------  S Y S T E M  ---------------

OS:uname:Darwin 17.5.0 Darwin Kernel Version 17.5.0: Fri Apr 13 19:32:32 PDT 2018; root:xnu-4570.51.2~1/RELEASE_X86_64 x86_64
rlimit: STACK 8192k, CORE 0k, NPROC 709, NOFILE 10240, AS infinity, DATA infinity, FSIZE infinity
load average:2.48 2.39 2.61

CPU:total 4 (initial active 4) (2 cores per cpu, 2 threads per core) family 6 model 142 stepping 9, cmov, cx8, fxsr, mmx, sse, sse2, sse3, ssse3, sse4.1, sse4.2, popcnt, avx, avx2, aes, clmul, erms, 3dnowpref, lzcnt, ht, tsc, tscinvbit, bmi1, bmi2, adx, fma

Memory: 4k page, physical 8388608k(34756k free)

vm_info: Java HotSpot(TM) 64-Bit Server VM (10.0.1+10) for bsd-amd64 JRE (10.0.1+10), built on Mar 27 2018 01:13:17 by "mach5one" with gcc 4.2.1 Compatible Apple LLVM 6.1.0 (clang-602.0.49)

END.
