#
# A fatal error has been detected by the Java Runtime Environment:
#
#  SIGSEGV (0xb) at pc=0x00000001270dbd27, pid=37455, tid=6403
#
# JRE version: Java(TM) SE Runtime Environment (10.0.1+10) (build 10.0.1+10)
# Java VM: Java HotSpot(TM) 64-Bit Server VM (10.0.1+10, mixed mode, tiered, compressed oops, g1 gc, bsd-amd64)
# Problematic frame:
# C  [mca_btl_vader.so+0x2d27]  mca_btl_vader_poll_handle_frag+0x117
#
# No core dump will be written. Core dumps have been disabled. To enable core dumping, try "ulimit -c unlimited" before starting Java again
#
# If you would like to submit a bug report, please visit:
#   http://bugreport.java.com/bugreport/crash.jsp
# The crash happened outside the Java Virtual Machine in native code.
# See problematic frame for where to report the bug.
#

---------------  S U M M A R Y ------------

Command Line: -Djava.library.path=/usr/local/lib MersennePrimeSearch

Host: MacBookPro14,2 x86_64 3500 MHz, 4 cores, 8G, Darwin 17.5.0
Time: Tue May 29 14:26:43 2018 EDT elapsed time: 0 seconds (0d 0h 0m 0s)

---------------  T H R E A D  ---------------

Current thread (0x00007ffedd802000):  JavaThread "main" [_thread_in_native, id=6403, stack(0x0000000104800000,0x0000000104900000)]

Stack: [0x0000000104800000,0x0000000104900000],  sp=0x00000001048ff2e0,  free space=1020k
Native frames: (J=compiled Java code, A=aot compiled Java code, j=interpreted, Vv=VM code, C=native code)
C  [mca_btl_vader.so+0x2d27]  mca_btl_vader_poll_handle_frag+0x117
C  [mca_btl_vader.so+0x2772]  mca_btl_vader_component_progress+0x282
C  [libopen-pal.20.dylib+0x903d]  opal_progress+0x12d
C  [mca_pml_ob1.so+0x3811]  mca_pml_ob1_iprobe+0x181
C  [libmpi.20.dylib+0x3c7bc]  MPI_Iprobe+0x10c
C  [libmpi_java.20.dylib+0x2144]  Java_mpi_Comm_iProbe+0x24
j  mpi.Comm.iProbe(JII)Lmpi/Status;+0
j  mpi.Comm.iProbe(II)Lmpi/Status;+10
j  MersennePrimeSearch.run()V+157
j  MersennePrimeSearch.main([Ljava/lang/String;)V+15
v  ~StubRoutines::call_stub
V  [libjvm.dylib+0x3d8c3e]  JavaCalls::call_helper(JavaValue*, methodHandle const&, JavaCallArguments*, Thread*)+0x216
V  [libjvm.dylib+0x41859d]  jni_invoke_static(JNIEnv_*, JavaValue*, _jobject*, JNICallType, _jmethodID*, JNI_ArgumentPusher*, Thread*)+0x12d
V  [libjvm.dylib+0x41ae3d]  jni_CallStaticVoidMethod+0x183
C  [java+0x5034]  JavaMain+0xb9f
C  [libsystem_pthread.dylib+0x3661]  _pthread_body+0x154
C  [libsystem_pthread.dylib+0x350d]  _pthread_body+0x0
C  [libsystem_pthread.dylib+0x2bf9]  thread_start+0xd
C  0x0000000000000000

Java frames: (J=compiled Java code, j=interpreted, Vv=VM code)
j  mpi.Comm.iProbe(JII)Lmpi/Status;+0
j  mpi.Comm.iProbe(II)Lmpi/Status;+10
j  MersennePrimeSearch.run()V+157
j  MersennePrimeSearch.main([Ljava/lang/String;)V+15
v  ~StubRoutines::call_stub

siginfo: si_signo: 11 (SIGSEGV), si_code: 1 (SEGV_MAPERR), si_addr: 0x00007f9a9f8797e0

Register to memory mapping:

RAX=0x00000001048ff350 is pointing into the stack for thread: 0x00007ffedd802000
RBX=0x00007f9a9f879780 is an unknown value
RCX=0x000000012f267008 is an unknown value
RDX=0xffffffffffffff02 is an unknown value
RSP=0x00000001048ff2e0 is pointing into the stack for thread: 0x00007ffedd802000
RBP=0x00000001048ff390 is pointing into the stack for thread: 0x00007ffedd802000
RSI=0x00007ffedc128910 is an unknown value
RDI=0x000000012fb13948 is an unknown value
R8 =0x0000000000000310 is an unknown value
R9 =0x0000000000008050 is an unknown value
R10=0x0000000000000000 is an unknown value
R11=0x00007ffdac6a0808 is an unknown value
R12=0x0000000000000002 is an unknown value
R13=0x0000000000000002 is an unknown value
R14=0x00007ffedc128910 is an unknown value
R15=0x0000000000000000 is an unknown value


Registers:
RAX=0x00000001048ff350, RBX=0x00007f9a9f879780, RCX=0x000000012f267008, RDX=0xffffffffffffff02
RSP=0x00000001048ff2e0, RBP=0x00000001048ff390, RSI=0x00007ffedc128910, RDI=0x000000012fb13948
R8 =0x0000000000000310, R9 =0x0000000000008050, R10=0x0000000000000000, R11=0x00007ffdac6a0808
R12=0x0000000000000002, R13=0x0000000000000002, R14=0x00007ffedc128910, R15=0x0000000000000000
RIP=0x00000001270dbd27, EFLAGS=0x0000000000010202, ERR=0x0000000000000004
  TRAPNO=0x000000000000000e

Top of Stack: (sp=0x00000001048ff2e0)
0x00000001048ff2e0:   0000000000000000 0000000000000000
0x00000001048ff2f0:   0000000000000000 0000000000000000
0x00000001048ff300:   0000000000000000 0000000000000000
0x00000001048ff310:   0000000000000000 00000001048ff350
0x00000001048ff320:   0000000000000001 0000000000000000
0x00000001048ff330:   0000000000000000 0000000000000000
0x00000001048ff340:   0000000000000000 00007ffedbd33ed0
0x00000001048ff350:   000000012fb13978 000000000000000f
0x00000001048ff360:   00000001048ff3b0 0000000126f1b31d
0x00000001048ff370:   0000000000000000 2ae2210a42df00f6
0x00000001048ff380:   000000012fb13008 fffffffffffffffe
0x00000001048ff390:   00000001048ff460 00000001270db772
0x00000001048ff3a0:   00000000000fff01 0000000126f6c348
0x00000001048ff3b0:   00000001048ff460 0000000126f1d982
0x00000001048ff3c0:   0000000000000000 0000000000000000
0x00000001048ff3d0:   00007ffedbd34008 0000000126f64120
0x00000001048ff3e0:   000000012f267978 00007ffedbd34060
0x00000001048ff3f0:   00000001048ff448 00007ffedc128788
0x00000001048ff400:   00007ffedc129580 00007ffedbd34040
0x00000001048ff410:   0000000200000006 0000000000000000
0x00000001048ff420:   00007ffe00000000 0000000000000000
0x00000001048ff430:   00007ffedbf59c00 0000000000000001
0x00000001048ff440:   0000000126e2bcc0 0000000000000002
0x00000001048ff450:   0000000000000000 00000001048ff4b0
0x00000001048ff460:   00000001048ff480 0000000126edd03d
0x00000001048ff470:   000000012f67fe88 00007ffedbd45310
0x00000001048ff480:   00000001048ff770 000000012f672811
0x00000001048ff490:   00007ffedbc3bf00 00000001048ff7c8
0x00000001048ff4a0:   00000001048ff7e4 000000002f675182
0x00000001048ff4b0:   000000012f67fe88 0000000000000001
0x00000001048ff4c0:   0000000000000000 0000000000000000
0x00000001048ff4d0:   0000000000000001 0000000126f654a8 

Instructions: (pc=0x00000001270dbd27)
0x00000001270dbd07:   48 8b 35 02 20 00 00 48 c1 fa 20 48 69 d2 88 01
0x00000001270dbd17:   00 00 48 03 4c 16 70 48 89 01 eb 6d 48 8b 5b 08
0x00000001270dbd27:   8b 43 60 a8 04 0f 85 e9 00 00 00 a8 02 74 5a 48
0x00000001270dbd37:   8b 83 98 00 00 00 48 85 c0 74 0d c6 40 11 00 48 


---------------  P R O C E S S  ---------------

Threads class SMR info:
_java_thread_list=0x00007ffedbc48c70, length=11, elements={
0x00007ffedd802000, 0x00007ffedc00e000, 0x00007ffedc805000, 0x00007ffedd00b000,
0x00007ffedc829800, 0x00007ffedc82a800, 0x00007ffedd00c000, 0x00007ffedd040800,
0x00007ffedd044000, 0x00007ffedc002800, 0x00007ffedca8c800
}

Java Threads: ( => current thread )
=>0x00007ffedd802000 JavaThread "main" [_thread_in_native, id=6403, stack(0x0000000104800000,0x0000000104900000)]
  0x00007ffedc00e000 JavaThread "Reference Handler" daemon [_thread_blocked, id=18691, stack(0x0000700010662000,0x0000700010762000)]
  0x00007ffedc805000 JavaThread "Finalizer" daemon [_thread_blocked, id=15875, stack(0x0000700010765000,0x0000700010865000)]
  0x00007ffedd00b000 JavaThread "Signal Dispatcher" daemon [_thread_blocked, id=22275, stack(0x0000700010868000,0x0000700010968000)]
  0x00007ffedc829800 JavaThread "C2 CompilerThread0" daemon [_thread_blocked, id=42499, stack(0x000070001096b000,0x0000700010a6b000)]
  0x00007ffedc82a800 JavaThread "C2 CompilerThread1" daemon [_thread_blocked, id=23299, stack(0x0000700010a6e000,0x0000700010b6e000)]
  0x00007ffedd00c000 JavaThread "C1 CompilerThread2" daemon [_thread_blocked, id=42243, stack(0x0000700010b71000,0x0000700010c71000)]
  0x00007ffedd040800 JavaThread "Sweeper thread" daemon [_thread_blocked, id=24067, stack(0x0000700010c74000,0x0000700010d74000)]
  0x00007ffedd044000 JavaThread "Service Thread" daemon [_thread_blocked, id=40963, stack(0x0000700010d77000,0x0000700010e77000)]
  0x00007ffedc002800 JavaThread "Common-Cleaner" daemon [_thread_blocked, id=40707, stack(0x0000700010e7a000,0x0000700010f7a000)]
  0x00007ffedca8c800 JavaThread "Thread-0" [_thread_blocked, id=39427, stack(0x0000700011186000,0x0000700011286000)]

Other Threads:
  0x00007ffedd00d800 VMThread "VM Thread" [stack: 0x000070001055f000,0x000070001065f000] [id=18947]
  0x00007ffedc014800 WatcherThread [stack: 0x0000700010f7d000,0x000070001107d000] [id=40195]
  0x00007ffedd016800 GCTaskThread "GC Thread#0" [stack: 0x000070000fa3e000,0x000070000fb3e000] [id=11267]
  0x00007ffedd017800 GCTaskThread "GC Thread#1" [stack: 0x000070000fb41000,0x000070000fc41000] [id=11523]
  0x00007ffedd018000 GCTaskThread "GC Thread#2" [stack: 0x000070000fc44000,0x000070000fd44000] [id=12035]
  0x00007ffedd019000 GCTaskThread "GC Thread#3" [stack: 0x000070000fd47000,0x000070000fe47000] [id=20995]
  0x00007ffedd832800 ConcurrentGCThread "G1 Main Marker" [stack: 0x000070000fe4a000,0x000070000ff4a000] [id=20483]
  0x00007ffedd833000 ConcurrentGCThread "G1 Conc#0" [stack: 0x000070000ff4d000,0x000070001004d000] [id=13315]
  0x00007ffedd874000 ConcurrentGCThread "G1 Refine#0" [stack: 0x0000700010050000,0x0000700010150000] [id=13571]
  0x00007ffedd874800 ConcurrentGCThread "G1 Refine#1" [stack: 0x0000700010153000,0x0000700010253000] [id=13827]
  0x00007ffedd875800 ConcurrentGCThread "G1 Refine#2" [stack: 0x0000700010256000,0x0000700010356000] [id=19715]
  0x00007ffedd876000 ConcurrentGCThread "G1 Refine#3" [stack: 0x0000700010359000,0x0000700010459000] [id=14339]
  0x00007ffedd877000 ConcurrentGCThread "G1 Young RemSet Sampling" [stack: 0x000070001045c000,0x000070001055c000] [id=14595]

Threads with active compile tasks:

VM state:not at safepoint (normal execution)

VM Mutex/Monitor currently owned by a thread: None

Heap address: 0x0000000740000000, size: 2048 MB, Compressed Oops mode: Zero based, Oop shift amount: 3
Narrow klass base: 0x0000000000000000, Narrow klass shift: 3
Compressed class space size: 1073741824 Address: 0x00000007c0000000

Heap:
 garbage-first heap   total 131072K, used 4096K [0x0000000740000000, 0x00000007c0000000)
  region size 1024K, 5 young (5120K), 0 survivors (0K)
 Metaspace       used 9461K, capacity 9617K, committed 9856K, reserved 1058816K
  class space    used 825K, capacity 890K, committed 896K, reserved 1048576K
Heap Regions: E=young(eden), S=young(survivor), O=old, HS=humongous(starts), HC=humongous(continues), CS=collection set, F=free, A=archive, TS=gc time stamp, AC=allocation context, TAMS=top-at-mark-start (previous, next)
|   0|0x0000000740000000, 0x0000000740000000, 0x0000000740100000|  0%| F|  |TS  0|AC  0|TAMS 0x0000000740000000, 0x0000000740000000|
|   1|0x0000000740100000, 0x0000000740100000, 0x0000000740200000|  0%| F|  |TS  0|AC  0|TAMS 0x0000000740100000, 0x0000000740100000|
|   2|0x0000000740200000, 0x0000000740200000, 0x0000000740300000|  0%| F|  |TS  0|AC  0|TAMS 0x0000000740200000, 0x0000000740200000|
|   3|0x0000000740300000, 0x0000000740300000, 0x0000000740400000|  0%| F|  |TS  0|AC  0|TAMS 0x0000000740300000, 0x0000000740300000|
|   4|0x0000000740400000, 0x0000000740400000, 0x0000000740500000|  0%| F|  |TS  0|AC  0|TAMS 0x0000000740400000, 0x0000000740400000|
|   5|0x0000000740500000, 0x0000000740500000, 0x0000000740600000|  0%| F|  |TS  0|AC  0|TAMS 0x0000000740500000, 0x0000000740500000|
|   6|0x0000000740600000, 0x0000000740600000, 0x0000000740700000|  0%| F|  |TS  0|AC  0|TAMS 0x0000000740600000, 0x0000000740600000|
|   7|0x0000000740700000, 0x0000000740700000, 0x0000000740800000|  0%| F|  |TS  0|AC  0|TAMS 0x0000000740700000, 0x0000000740700000|
|   8|0x0000000740800000, 0x0000000740800000, 0x0000000740900000|  0%| F|  |TS  0|AC  0|TAMS 0x0000000740800000, 0x0000000740800000|
|   9|0x0000000740900000, 0x0000000740900000, 0x0000000740a00000|  0%| F|  |TS  0|AC  0|TAMS 0x0000000740900000, 0x0000000740900000|
|  10|0x0000000740a00000, 0x0000000740a00000, 0x0000000740b00000|  0%| F|  |TS  0|AC  0|TAMS 0x0000000740a00000, 0x0000000740a00000|
|  11|0x0000000740b00000, 0x0000000740b00000, 0x0000000740c00000|  0%| F|  |TS  0|AC  0|TAMS 0x0000000740b00000, 0x0000000740b00000|
|  12|0x0000000740c00000, 0x0000000740c00000, 0x0000000740d00000|  0%| F|  |TS  0|AC  0|TAMS 0x0000000740c00000, 0x0000000740c00000|
|  13|0x0000000740d00000, 0x0000000740d00000, 0x0000000740e00000|  0%| F|  |TS  0|AC  0|TAMS 0x0000000740d00000, 0x0000000740d00000|
|  14|0x0000000740e00000, 0x0000000740e00000, 0x0000000740f00000|  0%| F|  |TS  0|AC  0|TAMS 0x0000000740e00000, 0x0000000740e00000|
|  15|0x0000000740f00000, 0x0000000740f00000, 0x0000000741000000|  0%| F|  |TS  0|AC  0|TAMS 0x0000000740f00000, 0x0000000740f00000|
|  16|0x0000000741000000, 0x0000000741000000, 0x0000000741100000|  0%| F|  |TS  0|AC  0|TAMS 0x0000000741000000, 0x0000000741000000|
|  17|0x0000000741100000, 0x0000000741100000, 0x0000000741200000|  0%| F|  |TS  0|AC  0|TAMS 0x0000000741100000, 0x0000000741100000|
|  18|0x0000000741200000, 0x0000000741200000, 0x0000000741300000|  0%| F|  |TS  0|AC  0|TAMS 0x0000000741200000, 0x0000000741200000|
|  19|0x0000000741300000, 0x0000000741300000, 0x0000000741400000|  0%| F|  |TS  0|AC  0|TAMS 0x0000000741300000, 0x0000000741300000|
|  20|0x0000000741400000, 0x0000000741400000, 0x0000000741500000|  0%| F|  |TS  0|AC  0|TAMS 0x0000000741400000, 0x0000000741400000|
|  21|0x0000000741500000, 0x0000000741500000, 0x0000000741600000|  0%| F|  |TS  0|AC  0|TAMS 0x0000000741500000, 0x0000000741500000|
|  22|0x0000000741600000, 0x0000000741600000, 0x0000000741700000|  0%| F|  |TS  0|AC  0|TAMS 0x0000000741600000, 0x0000000741600000|
|  23|0x0000000741700000, 0x0000000741700000, 0x0000000741800000|  0%| F|  |TS  0|AC  0|TAMS 0x0000000741700000, 0x0000000741700000|
|  24|0x0000000741800000, 0x0000000741800000, 0x0000000741900000|  0%| F|  |TS  0|AC  0|TAMS 0x0000000741800000, 0x0000000741800000|
|  25|0x0000000741900000, 0x0000000741900000, 0x0000000741a00000|  0%| F|  |TS  0|AC  0|TAMS 0x0000000741900000, 0x0000000741900000|
|  26|0x0000000741a00000, 0x0000000741a00000, 0x0000000741b00000|  0%| F|  |TS  0|AC  0|TAMS 0x0000000741a00000, 0x0000000741a00000|
|  27|0x0000000741b00000, 0x0000000741b00000, 0x0000000741c00000|  0%| F|  |TS  0|AC  0|TAMS 0x0000000741b00000, 0x0000000741b00000|
|  28|0x0000000741c00000, 0x0000000741c00000, 0x0000000741d00000|  0%| F|  |TS  0|AC  0|TAMS 0x0000000741c00000, 0x0000000741c00000|
|  29|0x0000000741d00000, 0x0000000741d00000, 0x0000000741e00000|  0%| F|  |TS  0|AC  0|TAMS 0x0000000741d00000, 0x0000000741d00000|
|  30|0x0000000741e00000, 0x0000000741e00000, 0x0000000741f00000|  0%| F|  |TS  0|AC  0|TAMS 0x0000000741e00000, 0x0000000741e00000|
|  31|0x0000000741f00000, 0x0000000741f00000, 0x0000000742000000|  0%| F|  |TS  0|AC  0|TAMS 0x0000000741f00000, 0x0000000741f00000|
|  32|0x0000000742000000, 0x0000000742000000, 0x0000000742100000|  0%| F|  |TS  0|AC  0|TAMS 0x0000000742000000, 0x0000000742000000|
|  33|0x0000000742100000, 0x0000000742100000, 0x0000000742200000|  0%| F|  |TS  0|AC  0|TAMS 0x0000000742100000, 0x0000000742100000|
|  34|0x0000000742200000, 0x0000000742200000, 0x0000000742300000|  0%| F|  |TS  0|AC  0|TAMS 0x0000000742200000, 0x0000000742200000|
|  35|0x0000000742300000, 0x0000000742300000, 0x0000000742400000|  0%| F|  |TS  0|AC  0|TAMS 0x0000000742300000, 0x0000000742300000|
|  36|0x0000000742400000, 0x0000000742400000, 0x0000000742500000|  0%| F|  |TS  0|AC  0|TAMS 0x0000000742400000, 0x0000000742400000|
|  37|0x0000000742500000, 0x0000000742500000, 0x0000000742600000|  0%| F|  |TS  0|AC  0|TAMS 0x0000000742500000, 0x0000000742500000|
|  38|0x0000000742600000, 0x0000000742600000, 0x0000000742700000|  0%| F|  |TS  0|AC  0|TAMS 0x0000000742600000, 0x0000000742600000|
|  39|0x0000000742700000, 0x0000000742700000, 0x0000000742800000|  0%| F|  |TS  0|AC  0|TAMS 0x0000000742700000, 0x0000000742700000|
|  40|0x0000000742800000, 0x0000000742800000, 0x0000000742900000|  0%| F|  |TS  0|AC  0|TAMS 0x0000000742800000, 0x0000000742800000|
|  41|0x0000000742900000, 0x0000000742900000, 0x0000000742a00000|  0%| F|  |TS  0|AC  0|TAMS 0x0000000742900000, 0x0000000742900000|
|  42|0x0000000742a00000, 0x0000000742a00000, 0x0000000742b00000|  0%| F|  |TS  0|AC  0|TAMS 0x0000000742a00000, 0x0000000742a00000|
|  43|0x0000000742b00000, 0x0000000742b00000, 0x0000000742c00000|  0%| F|  |TS  0|AC  0|TAMS 0x0000000742b00000, 0x0000000742b00000|
|  44|0x0000000742c00000, 0x0000000742c00000, 0x0000000742d00000|  0%| F|  |TS  0|AC  0|TAMS 0x0000000742c00000, 0x0000000742c00000|
|  45|0x0000000742d00000, 0x0000000742d00000, 0x0000000742e00000|  0%| F|  |TS  0|AC  0|TAMS 0x0000000742d00000, 0x0000000742d00000|
|  46|0x0000000742e00000, 0x0000000742e00000, 0x0000000742f00000|  0%| F|  |TS  0|AC  0|TAMS 0x0000000742e00000, 0x0000000742e00000|
|  47|0x0000000742f00000, 0x0000000742f00000, 0x0000000743000000|  0%| F|  |TS  0|AC  0|TAMS 0x0000000742f00000, 0x0000000742f00000|
|  48|0x0000000743000000, 0x0000000743000000, 0x0000000743100000|  0%| F|  |TS  0|AC  0|TAMS 0x0000000743000000, 0x0000000743000000|
|  49|0x0000000743100000, 0x0000000743100000, 0x0000000743200000|  0%| F|  |TS  0|AC  0|TAMS 0x0000000743100000, 0x0000000743100000|
|  50|0x0000000743200000, 0x0000000743200000, 0x0000000743300000|  0%| F|  |TS  0|AC  0|TAMS 0x0000000743200000, 0x0000000743200000|
|  51|0x0000000743300000, 0x0000000743300000, 0x0000000743400000|  0%| F|  |TS  0|AC  0|TAMS 0x0000000743300000, 0x0000000743300000|
|  52|0x0000000743400000, 0x0000000743400000, 0x0000000743500000|  0%| F|  |TS  0|AC  0|TAMS 0x0000000743400000, 0x0000000743400000|
|  53|0x0000000743500000, 0x0000000743500000, 0x0000000743600000|  0%| F|  |TS  0|AC  0|TAMS 0x0000000743500000, 0x0000000743500000|
|  54|0x0000000743600000, 0x0000000743600000, 0x0000000743700000|  0%| F|  |TS  0|AC  0|TAMS 0x0000000743600000, 0x0000000743600000|
|  55|0x0000000743700000, 0x0000000743700000, 0x0000000743800000|  0%| F|  |TS  0|AC  0|TAMS 0x0000000743700000, 0x0000000743700000|
|  56|0x0000000743800000, 0x0000000743800000, 0x0000000743900000|  0%| F|  |TS  0|AC  0|TAMS 0x0000000743800000, 0x0000000743800000|
|  57|0x0000000743900000, 0x0000000743900000, 0x0000000743a00000|  0%| F|  |TS  0|AC  0|TAMS 0x0000000743900000, 0x0000000743900000|
|  58|0x0000000743a00000, 0x0000000743a00000, 0x0000000743b00000|  0%| F|  |TS  0|AC  0|TAMS 0x0000000743a00000, 0x0000000743a00000|
|  59|0x0000000743b00000, 0x0000000743b00000, 0x0000000743c00000|  0%| F|  |TS  0|AC  0|TAMS 0x0000000743b00000, 0x0000000743b00000|
|  60|0x0000000743c00000, 0x0000000743c00000, 0x0000000743d00000|  0%| F|  |TS  0|AC  0|TAMS 0x0000000743c00000, 0x0000000743c00000|
|  61|0x0000000743d00000, 0x0000000743d00000, 0x0000000743e00000|  0%| F|  |TS  0|AC  0|TAMS 0x0000000743d00000, 0x0000000743d00000|
|  62|0x0000000743e00000, 0x0000000743e00000, 0x0000000743f00000|  0%| F|  |TS  0|AC  0|TAMS 0x0000000743e00000, 0x0000000743e00000|
|  63|0x0000000743f00000, 0x0000000743f00000, 0x0000000744000000|  0%| F|  |TS  0|AC  0|TAMS 0x0000000743f00000, 0x0000000743f00000|
|  64|0x0000000744000000, 0x0000000744000000, 0x0000000744100000|  0%| F|  |TS  0|AC  0|TAMS 0x0000000744000000, 0x0000000744000000|
|  65|0x0000000744100000, 0x0000000744100000, 0x0000000744200000|  0%| F|  |TS  0|AC  0|TAMS 0x0000000744100000, 0x0000000744100000|
|  66|0x0000000744200000, 0x0000000744200000, 0x0000000744300000|  0%| F|  |TS  0|AC  0|TAMS 0x0000000744200000, 0x0000000744200000|
|  67|0x0000000744300000, 0x0000000744300000, 0x0000000744400000|  0%| F|  |TS  0|AC  0|TAMS 0x0000000744300000, 0x0000000744300000|
|  68|0x0000000744400000, 0x0000000744400000, 0x0000000744500000|  0%| F|  |TS  0|AC  0|TAMS 0x0000000744400000, 0x0000000744400000|
|  69|0x0000000744500000, 0x0000000744500000, 0x0000000744600000|  0%| F|  |TS  0|AC  0|TAMS 0x0000000744500000, 0x0000000744500000|
|  70|0x0000000744600000, 0x0000000744600000, 0x0000000744700000|  0%| F|  |TS  0|AC  0|TAMS 0x0000000744600000, 0x0000000744600000|
|  71|0x0000000744700000, 0x0000000744700000, 0x0000000744800000|  0%| F|  |TS  0|AC  0|TAMS 0x0000000744700000, 0x0000000744700000|
|  72|0x0000000744800000, 0x0000000744800000, 0x0000000744900000|  0%| F|  |TS  0|AC  0|TAMS 0x0000000744800000, 0x0000000744800000|
|  73|0x0000000744900000, 0x0000000744900000, 0x0000000744a00000|  0%| F|  |TS  0|AC  0|TAMS 0x0000000744900000, 0x0000000744900000|
|  74|0x0000000744a00000, 0x0000000744a00000, 0x0000000744b00000|  0%| F|  |TS  0|AC  0|TAMS 0x0000000744a00000, 0x0000000744a00000|
|  75|0x0000000744b00000, 0x0000000744b00000, 0x0000000744c00000|  0%| F|  |TS  0|AC  0|TAMS 0x0000000744b00000, 0x0000000744b00000|
|  76|0x0000000744c00000, 0x0000000744c00000, 0x0000000744d00000|  0%| F|  |TS  0|AC  0|TAMS 0x0000000744c00000, 0x0000000744c00000|
|  77|0x0000000744d00000, 0x0000000744d00000, 0x0000000744e00000|  0%| F|  |TS  0|AC  0|TAMS 0x0000000744d00000, 0x0000000744d00000|
|  78|0x0000000744e00000, 0x0000000744e00000, 0x0000000744f00000|  0%| F|  |TS  0|AC  0|TAMS 0x0000000744e00000, 0x0000000744e00000|
|  79|0x0000000744f00000, 0x0000000744f00000, 0x0000000745000000|  0%| F|  |TS  0|AC  0|TAMS 0x0000000744f00000, 0x0000000744f00000|
|  80|0x0000000745000000, 0x0000000745000000, 0x0000000745100000|  0%| F|  |TS  0|AC  0|TAMS 0x0000000745000000, 0x0000000745000000|
|  81|0x0000000745100000, 0x0000000745100000, 0x0000000745200000|  0%| F|  |TS  0|AC  0|TAMS 0x0000000745100000, 0x0000000745100000|
|  82|0x0000000745200000, 0x0000000745200000, 0x0000000745300000|  0%| F|  |TS  0|AC  0|TAMS 0x0000000745200000, 0x0000000745200000|
|  83|0x0000000745300000, 0x0000000745300000, 0x0000000745400000|  0%| F|  |TS  0|AC  0|TAMS 0x0000000745300000, 0x0000000745300000|
|  84|0x0000000745400000, 0x0000000745400000, 0x0000000745500000|  0%| F|  |TS  0|AC  0|TAMS 0x0000000745400000, 0x0000000745400000|
|  85|0x0000000745500000, 0x0000000745500000, 0x0000000745600000|  0%| F|  |TS  0|AC  0|TAMS 0x0000000745500000, 0x0000000745500000|
|  86|0x0000000745600000, 0x0000000745600000, 0x0000000745700000|  0%| F|  |TS  0|AC  0|TAMS 0x0000000745600000, 0x0000000745600000|
|  87|0x0000000745700000, 0x0000000745700000, 0x0000000745800000|  0%| F|  |TS  0|AC  0|TAMS 0x0000000745700000, 0x0000000745700000|
|  88|0x0000000745800000, 0x0000000745800000, 0x0000000745900000|  0%| F|  |TS  0|AC  0|TAMS 0x0000000745800000, 0x0000000745800000|
|  89|0x0000000745900000, 0x0000000745900000, 0x0000000745a00000|  0%| F|  |TS  0|AC  0|TAMS 0x0000000745900000, 0x0000000745900000|
|  90|0x0000000745a00000, 0x0000000745a00000, 0x0000000745b00000|  0%| F|  |TS  0|AC  0|TAMS 0x0000000745a00000, 0x0000000745a00000|
|  91|0x0000000745b00000, 0x0000000745b00000, 0x0000000745c00000|  0%| F|  |TS  0|AC  0|TAMS 0x0000000745b00000, 0x0000000745b00000|
|  92|0x0000000745c00000, 0x0000000745c00000, 0x0000000745d00000|  0%| F|  |TS  0|AC  0|TAMS 0x0000000745c00000, 0x0000000745c00000|
|  93|0x0000000745d00000, 0x0000000745d00000, 0x0000000745e00000|  0%| F|  |TS  0|AC  0|TAMS 0x0000000745d00000, 0x0000000745d00000|
|  94|0x0000000745e00000, 0x0000000745e00000, 0x0000000745f00000|  0%| F|  |TS  0|AC  0|TAMS 0x0000000745e00000, 0x0000000745e00000|
|  95|0x0000000745f00000, 0x0000000745f00000, 0x0000000746000000|  0%| F|  |TS  0|AC  0|TAMS 0x0000000745f00000, 0x0000000745f00000|
|  96|0x0000000746000000, 0x0000000746000000, 0x0000000746100000|  0%| F|  |TS  0|AC  0|TAMS 0x0000000746000000, 0x0000000746000000|
|  97|0x0000000746100000, 0x0000000746100000, 0x0000000746200000|  0%| F|  |TS  0|AC  0|TAMS 0x0000000746100000, 0x0000000746100000|
|  98|0x0000000746200000, 0x0000000746200000, 0x0000000746300000|  0%| F|  |TS  0|AC  0|TAMS 0x0000000746200000, 0x0000000746200000|
|  99|0x0000000746300000, 0x0000000746300000, 0x0000000746400000|  0%| F|  |TS  0|AC  0|TAMS 0x0000000746300000, 0x0000000746300000|
| 100|0x0000000746400000, 0x0000000746400000, 0x0000000746500000|  0%| F|  |TS  0|AC  0|TAMS 0x0000000746400000, 0x0000000746400000|
| 101|0x0000000746500000, 0x0000000746500000, 0x0000000746600000|  0%| F|  |TS  0|AC  0|TAMS 0x0000000746500000, 0x0000000746500000|
| 102|0x0000000746600000, 0x0000000746600000, 0x0000000746700000|  0%| F|  |TS  0|AC  0|TAMS 0x0000000746600000, 0x0000000746600000|
| 103|0x0000000746700000, 0x0000000746700000, 0x0000000746800000|  0%| F|  |TS  0|AC  0|TAMS 0x0000000746700000, 0x0000000746700000|
| 104|0x0000000746800000, 0x0000000746800000, 0x0000000746900000|  0%| F|  |TS  0|AC  0|TAMS 0x0000000746800000, 0x0000000746800000|
| 105|0x0000000746900000, 0x0000000746900000, 0x0000000746a00000|  0%| F|  |TS  0|AC  0|TAMS 0x0000000746900000, 0x0000000746900000|
| 106|0x0000000746a00000, 0x0000000746a00000, 0x0000000746b00000|  0%| F|  |TS  0|AC  0|TAMS 0x0000000746a00000, 0x0000000746a00000|
| 107|0x0000000746b00000, 0x0000000746b00000, 0x0000000746c00000|  0%| F|  |TS  0|AC  0|TAMS 0x0000000746b00000, 0x0000000746b00000|
| 108|0x0000000746c00000, 0x0000000746c00000, 0x0000000746d00000|  0%| F|  |TS  0|AC  0|TAMS 0x0000000746c00000, 0x0000000746c00000|
| 109|0x0000000746d00000, 0x0000000746d00000, 0x0000000746e00000|  0%| F|  |TS  0|AC  0|TAMS 0x0000000746d00000, 0x0000000746d00000|
| 110|0x0000000746e00000, 0x0000000746e00000, 0x0000000746f00000|  0%| F|  |TS  0|AC  0|TAMS 0x0000000746e00000, 0x0000000746e00000|
| 111|0x0000000746f00000, 0x0000000746f00000, 0x0000000747000000|  0%| F|  |TS  0|AC  0|TAMS 0x0000000746f00000, 0x0000000746f00000|
| 112|0x0000000747000000, 0x0000000747000000, 0x0000000747100000|  0%| F|  |TS  0|AC  0|TAMS 0x0000000747000000, 0x0000000747000000|
| 113|0x0000000747100000, 0x0000000747100000, 0x0000000747200000|  0%| F|  |TS  0|AC  0|TAMS 0x0000000747100000, 0x0000000747100000|
| 114|0x0000000747200000, 0x0000000747200000, 0x0000000747300000|  0%| F|  |TS  0|AC  0|TAMS 0x0000000747200000, 0x0000000747200000|
| 115|0x0000000747300000, 0x0000000747300000, 0x0000000747400000|  0%| F|  |TS  0|AC  0|TAMS 0x0000000747300000, 0x0000000747300000|
| 116|0x0000000747400000, 0x0000000747400000, 0x0000000747500000|  0%| F|  |TS  0|AC  0|TAMS 0x0000000747400000, 0x0000000747400000|
| 117|0x0000000747500000, 0x0000000747500000, 0x0000000747600000|  0%| F|  |TS  0|AC  0|TAMS 0x0000000747500000, 0x0000000747500000|
| 118|0x0000000747600000, 0x0000000747600000, 0x0000000747700000|  0%| F|  |TS  0|AC  0|TAMS 0x0000000747600000, 0x0000000747600000|
| 119|0x0000000747700000, 0x0000000747700000, 0x0000000747800000|  0%| F|  |TS  0|AC  0|TAMS 0x0000000747700000, 0x0000000747700000|
| 120|0x0000000747800000, 0x0000000747800000, 0x0000000747900000|  0%| F|  |TS  0|AC  0|TAMS 0x0000000747800000, 0x0000000747800000|
| 121|0x0000000747900000, 0x0000000747900000, 0x0000000747a00000|  0%| F|  |TS  0|AC  0|TAMS 0x0000000747900000, 0x0000000747900000|
| 122|0x0000000747a00000, 0x0000000747a00000, 0x0000000747b00000|  0%| F|  |TS  0|AC  0|TAMS 0x0000000747a00000, 0x0000000747a00000|
| 123|0x0000000747b00000, 0x0000000747b8fdf0, 0x0000000747c00000| 56%| E|  |TS  0|AC  0|TAMS 0x0000000747b00000, 0x0000000747b00000|
| 124|0x0000000747c00000, 0x0000000747d00000, 0x0000000747d00000|100%| E|CS|TS  0|AC  0|TAMS 0x0000000747c00000, 0x0000000747c00000|
| 125|0x0000000747d00000, 0x0000000747e00000, 0x0000000747e00000|100%| E|CS|TS  0|AC  0|TAMS 0x0000000747d00000, 0x0000000747d00000|
| 126|0x0000000747e00000, 0x0000000747f00000, 0x0000000747f00000|100%| E|CS|TS  0|AC  0|TAMS 0x0000000747e00000, 0x0000000747e00000|
| 127|0x0000000747f00000, 0x0000000748000000, 0x0000000748000000|100%| E|CS|TS  0|AC  0|TAMS 0x0000000747f00000, 0x0000000747f00000|

Card table byte_map: [0x0000000110637000,0x0000000110a37000] byte_map_base: 0x000000010cc37000

Marking Bits (Prev, Next): (CMBitMap*) 0x00007ffedd831c60, (CMBitMap*) 0x00007ffedd831c98
 Prev Bits: [0x00000001201c8000, 0x00000001221c8000)
 Next Bits: [0x00000001221c8000, 0x00000001241c8000)

Polling page: 0x0000000104902000

CodeHeap 'non-profiled nmethods': size=120032Kb used=140Kb max_used=140Kb free=119892Kb
 bounds [0x0000000118890000, 0x0000000118b00000, 0x000000011fdc8000]
CodeHeap 'profiled nmethods': size=120032Kb used=763Kb max_used=763Kb free=119268Kb
 bounds [0x0000000111358000, 0x00000001115c8000, 0x0000000118890000]
CodeHeap 'non-nmethods': size=5696Kb used=1091Kb max_used=1103Kb free=4604Kb
 bounds [0x0000000110dc8000, 0x0000000111038000, 0x0000000111358000]
 total_blobs=1034 nmethods=523 adapters=335
 compilation: enabled

Compilation events (10 events):
Event: 0.555 Thread 0x00007ffedd00c000 nmethod 516 0x0000000111414810 code [0x0000000111414ac0, 0x00000001114157f8]
Event: 0.555 Thread 0x00007ffedd00c000  519       3       java.lang.String::substring (68 bytes)
Event: 0.556 Thread 0x00007ffedd00c000 nmethod 519 0x0000000111415d10 code [0x0000000111415f60, 0x0000000111416718]
Event: 0.556 Thread 0x00007ffedd00c000  520       3       java.lang.String::toLowerCase (29 bytes)
Event: 0.556 Thread 0x00007ffedd00c000 nmethod 520 0x0000000111416990 code [0x0000000111416b60, 0x0000000111416e58]
Event: 0.556 Thread 0x00007ffedd00c000  523       1       java.util.HashMap$Node::getValue (5 bytes)
Event: 0.556 Thread 0x00007ffedd00c000 nmethod 523 0x00000001188b2690 code [0x00000001188b2840, 0x00000001188b2950]
Event: 0.556 Thread 0x00007ffedd00c000  522       1       java.util.HashMap$Node::getKey (5 bytes)
Event: 0.556 Thread 0x00007ffedd00c000 nmethod 522 0x00000001188b2990 code [0x00000001188b2b40, 0x00000001188b2c50]
Event: 0.556 Thread 0x00007ffedc829800 nmethod 521 0x00000001188b2c90 code [0x00000001188b2e20, 0x00000001188b2ed8]

GC Heap History (0 events):
No events

Deoptimization events (1 events):
Event: 0.120 Thread 0x00007ffedd802000 Uncommon trap: reason=unstable_if action=reinterpret pc=0x000000011889365c method=java.lang.String.hashCode()I @ 14 c2

Classes redefined (0 events):
No events

Internal exceptions (4 events):
Event: 0.460 Thread 0x00007ffedd802000 Exception <a 'java/lang/NoSuchMethodError'{0x0000000747c267c8}: java.lang.invoke.DirectMethodHandle$Holder.invokeStatic(Ljava/lang/Object;ILjava/lang/Object;)Ljava/lang/Object;> (0x0000000747c267c8) thrown at [/scratch/mesos/slaves/555f5737-a945-4eb0-8d30
Event: 0.515 Thread 0x00007ffedd802000 Exception <a 'java/lang/ClassNotFoundException'{0x0000000747caed58}: sun/util/logging/resources/spi/loggingProvider> (0x0000000747caed58) thrown at [/scratch/mesos/slaves/555f5737-a945-4eb0-8d30-afb1fc816afd-S70/frameworks/1735e8a2-a1db-478c-8104-60c8b0af
Event: 0.522 Thread 0x00007ffedd802000 Exception <a 'java/lang/NoSuchMethodError'{0x0000000747cd5f80}: java.lang.Object.lambda$union$2(Ljava/util/regex/Pattern$CharPredicate;I)Z> (0x0000000747cd5f80) thrown at [/scratch/mesos/slaves/555f5737-a945-4eb0-8d30-afb1fc816afd-S70/frameworks/1735e8a2-
Event: 0.544 Thread 0x00007ffedd802000 Exception <a 'java/lang/NoSuchMethodError'{0x0000000747b18110}: <clinit>> (0x0000000747b18110) thrown at [/scratch/mesos/slaves/555f5737-a945-4eb0-8d30-afb1fc816afd-S70/frameworks/1735e8a2-a1db-478c-8104-60c8b0af87dd-0196/executors/5e9592f9-a111-4fb7-8dfd

Events (10 events):
Event: 0.556 loading class sun/security/jca/GetInstance$Instance
Event: 0.556 loading class sun/security/jca/GetInstance$Instance done
Event: 0.556 loading class java/security/MessageDigest$Delegate
Event: 0.556 loading class sun/security/util/MessageDigestSpi2
Event: 0.556 loading class sun/security/util/MessageDigestSpi2 done
Event: 0.556 loading class java/security/MessageDigest$Delegate done
Event: 0.556 loading class sun/security/provider/ByteArrayAccess
Event: 0.556 loading class sun/security/provider/ByteArrayAccess done
Event: 0.556 loading class java/io/ObjectStreamClass$ClassDataSlot
Event: 0.556 loading class java/io/ObjectStreamClass$ClassDataSlot done


Dynamic libraries:
0x00007fff3e5cb000 	/System/Library/Frameworks/Cocoa.framework/Versions/A/Cocoa
0x00007fff4aba2000 	/System/Library/Frameworks/Security.framework/Versions/A/Security
0x00007fff3d20f000 	/System/Library/Frameworks/ApplicationServices.framework/Versions/A/ApplicationServices
0x00007fff66f03000 	/usr/lib/libz.1.dylib
0x00007fff64e3e000 	/usr/lib/libSystem.B.dylib
0x00007fff3ed80000 	/System/Library/Frameworks/CoreFoundation.framework/Versions/A/CoreFoundation
0x00007fff40ed4000 	/System/Library/Frameworks/Foundation.framework/Versions/C/Foundation
0x00007fff664ed000 	/usr/lib/libobjc.A.dylib
0x00007fff3c35f000 	/System/Library/Frameworks/AppKit.framework/Versions/C/AppKit
0x00007fff3e943000 	/System/Library/Frameworks/CoreData.framework/Versions/A/CoreData
0x00007fff5e792000 	/System/Library/PrivateFrameworks/RemoteViewServices.framework/Versions/A/RemoteViewServices
0x00007fff62ee3000 	/System/Library/PrivateFrameworks/UIFoundation.framework/Versions/A/UIFoundation
0x00007fff535f4000 	/System/Library/PrivateFrameworks/DFRFoundation.framework/Versions/A/DFRFoundation
0x00007fff43518000 	/System/Library/Frameworks/Metal.framework/Versions/A/Metal
0x00007fff53791000 	/System/Library/PrivateFrameworks/DesktopServicesPriv.framework/Versions/A/DesktopServicesPriv
0x00007fff65a43000 	/usr/lib/libenergytrace.dylib
0x00007fff60f58000 	/System/Library/PrivateFrameworks/SkyLight.framework/Versions/A/SkyLight
0x00007fff3f223000 	/System/Library/Frameworks/CoreGraphics.framework/Versions/A/CoreGraphics
0x00007fff64e39000 	/usr/lib/libScreenReader.dylib
0x00007fff3b2fa000 	/System/Library/Frameworks/Accelerate.framework/Versions/A/Accelerate
0x00007fff4164d000 	/System/Library/Frameworks/IOSurface.framework/Versions/A/IOSurface
0x00007fff3d759000 	/System/Library/Frameworks/AudioToolbox.framework/Versions/A/AudioToolbox
0x00007fff3d9e8000 	/System/Library/Frameworks/AudioUnit.framework/Versions/A/AudioUnit
0x00007fff5368c000 	/System/Library/PrivateFrameworks/DataDetectorsCore.framework/Versions/A/DataDetectorsCore
0x00007fff3e0be000 	/System/Library/Frameworks/Carbon.framework/Versions/A/Frameworks/HIToolbox.framework/Versions/A/HIToolbox
0x00007fff65b9d000 	/usr/lib/libicucore.A.dylib
0x00007fff4a123000 	/System/Library/Frameworks/QuartzCore.framework/Versions/A/QuartzCore
0x00007fff6020f000 	/System/Library/PrivateFrameworks/SignpostNotification.framework/Versions/A/SignpostNotification
0x00007fff3e4a4000 	/System/Library/Frameworks/Carbon.framework/Versions/A/Frameworks/SpeechRecognition.framework/Versions/A/SpeechRecognition
0x00007fff64f9a000 	/usr/lib/libauto.dylib
0x00007fff66df2000 	/usr/lib/libxml2.2.dylib
0x00007fff53247000 	/System/Library/PrivateFrameworks/CoreUI.framework/Versions/A/CoreUI
0x00007fff3e81f000 	/System/Library/Frameworks/CoreAudio.framework/Versions/A/CoreAudio
0x00007fff40d0e000 	/System/Library/Frameworks/DiskArbitration.framework/Versions/A/DiskArbitration
0x00007fff65e11000 	/usr/lib/liblangid.dylib
0x00007fff5aca2000 	/System/Library/PrivateFrameworks/MultitouchSupport.framework/Versions/A/MultitouchSupport
0x00007fff415b0000 	/System/Library/Frameworks/IOKit.framework/Versions/A/IOKit
0x00007fff64ac8000 	/usr/lib/libDiagnosticMessagesClient.dylib
0x00007fff3feec000 	/System/Library/Frameworks/CoreServices.framework/Versions/A/CoreServices
0x00007fff5c7d0000 	/System/Library/PrivateFrameworks/PerformanceAnalysis.framework/Versions/A/PerformanceAnalysis
0x00007fff492c5000 	/System/Library/Frameworks/OpenGL.framework/Versions/A/OpenGL
0x00007fff3e5d9000 	/System/Library/Frameworks/ColorSync.framework/Versions/A/ColorSync
0x00007fff3f835000 	/System/Library/Frameworks/CoreImage.framework/Versions/A/CoreImage
0x00007fff4087c000 	/System/Library/Frameworks/CoreText.framework/Versions/A/CoreText
0x00007fff416ab000 	/System/Library/Frameworks/ImageIO.framework/Versions/A/ImageIO
0x00007fff4f98f000 	/System/Library/PrivateFrameworks/Backup.framework/Versions/A/Backup
0x00007fff64eea000 	/usr/lib/libarchive.2.dylib
0x00007fff3dd0a000 	/System/Library/Frameworks/CFNetwork.framework/Versions/A/CFNetwork
0x00007fff4b332000 	/System/Library/Frameworks/SystemConfiguration.framework/Versions/A/SystemConfiguration
0x00007fff649f1000 	/usr/lib/libCRFSuite.dylib
0x00007fff65073000 	/usr/lib/libc++.1.dylib
0x00007fff650ca000 	/usr/lib/libc++abi.dylib
0x00007fff66fb1000 	/usr/lib/system/libcache.dylib
0x00007fff66fb6000 	/usr/lib/system/libcommonCrypto.dylib
0x00007fff66fc1000 	/usr/lib/system/libcompiler_rt.dylib
0x00007fff66fc9000 	/usr/lib/system/libcopyfile.dylib
0x00007fff66fd3000 	/usr/lib/system/libcorecrypto.dylib
0x00007fff670e0000 	/usr/lib/system/libdispatch.dylib
0x00007fff6711a000 	/usr/lib/system/libdyld.dylib
0x00007fff67138000 	/usr/lib/system/libkeymgr.dylib
0x00007fff67146000 	/usr/lib/system/liblaunch.dylib
0x00007fff67147000 	/usr/lib/system/libmacho.dylib
0x00007fff6714c000 	/usr/lib/system/libquarantine.dylib
0x00007fff6714f000 	/usr/lib/system/libremovefile.dylib
0x00007fff67151000 	/usr/lib/system/libsystem_asl.dylib
0x00007fff67169000 	/usr/lib/system/libsystem_blocks.dylib
0x00007fff6716a000 	/usr/lib/system/libsystem_c.dylib
0x00007fff671f4000 	/usr/lib/system/libsystem_configuration.dylib
0x00007fff671f8000 	/usr/lib/system/libsystem_coreservices.dylib
0x00007fff671fc000 	/usr/lib/system/libsystem_darwin.dylib
0x00007fff671fe000 	/usr/lib/system/libsystem_dnssd.dylib
0x00007fff67205000 	/usr/lib/system/libsystem_info.dylib
0x00007fff67276000 	/usr/lib/system/libsystem_m.dylib
0x00007fff672c2000 	/usr/lib/system/libsystem_malloc.dylib
0x00007fff672e2000 	/usr/lib/system/libsystem_network.dylib
0x00007fff67413000 	/usr/lib/system/libsystem_networkextension.dylib
0x00007fff6741e000 	/usr/lib/system/libsystem_notify.dylib
0x00007fff6743c000 	/usr/lib/system/libsystem_sandbox.dylib
0x00007fff67440000 	/usr/lib/system/libsystem_secinit.dylib
0x00007fff6724f000 	/usr/lib/system/libsystem_kernel.dylib
0x00007fff67428000 	/usr/lib/system/libsystem_platform.dylib
0x00007fff67430000 	/usr/lib/system/libsystem_pthread.dylib
0x00007fff67442000 	/usr/lib/system/libsystem_symptoms.dylib
0x00007fff6744a000 	/usr/lib/system/libsystem_trace.dylib
0x00007fff6745f000 	/usr/lib/system/libunwind.dylib
0x00007fff67465000 	/usr/lib/system/libxpc.dylib
0x00007fff64904000 	/usr/lib/closure/libclosured.dylib
0x00007fff65054000 	/usr/lib/libbsm.0.dylib
0x00007fff67139000 	/usr/lib/system/libkxld.dylib
0x00007fff64d02000 	/usr/lib/libOpenScriptingUtil.dylib
0x00007fff653c2000 	/usr/lib/libcoretls.dylib
0x00007fff653db000 	/usr/lib/libcoretls_cfhelpers.dylib
0x00007fff668ee000 	/usr/lib/libpam.2.dylib
0x00007fff66a15000 	/usr/lib/libsqlite3.dylib
0x00007fff66de1000 	/usr/lib/libxar.1.dylib
0x00007fff65065000 	/usr/lib/libbz2.1.0.dylib
0x00007fff65e13000 	/usr/lib/liblzma.5.dylib
0x00007fff662f4000 	/usr/lib/libnetwork.dylib
0x00007fff64ed3000 	/usr/lib/libapple_nghttp2.dylib
0x00007fff668f5000 	/usr/lib/libpcap.A.dylib
0x00007fff64f9b000 	/usr/lib/libboringssl.dylib
0x00007fff66d7c000 	/usr/lib/libusrtcp.dylib
0x00007fff64ed2000 	/usr/lib/libapple_crypto.dylib
0x00007fff4026f000 	/System/Library/Frameworks/CoreServices.framework/Versions/A/Frameworks/FSEvents.framework/Versions/A/FSEvents
0x00007fff3ff62000 	/System/Library/Frameworks/CoreServices.framework/Versions/A/Frameworks/CarbonCore.framework/Versions/A/CarbonCore
0x00007fff40436000 	/System/Library/Frameworks/CoreServices.framework/Versions/A/Frameworks/Metadata.framework/Versions/A/Metadata
0x00007fff404e7000 	/System/Library/Frameworks/CoreServices.framework/Versions/A/Frameworks/OSServices.framework/Versions/A/OSServices
0x00007fff40548000 	/System/Library/Frameworks/CoreServices.framework/Versions/A/Frameworks/SearchKit.framework/Versions/A/SearchKit
0x00007fff3feed000 	/System/Library/Frameworks/CoreServices.framework/Versions/A/Frameworks/AE.framework/Versions/A/AE
0x00007fff40278000 	/System/Library/Frameworks/CoreServices.framework/Versions/A/Frameworks/LaunchServices.framework/Versions/A/LaunchServices
0x00007fff4023a000 	/System/Library/Frameworks/CoreServices.framework/Versions/A/Frameworks/DictionaryServices.framework/Versions/A/DictionaryServices
0x00007fff405b7000 	/System/Library/Frameworks/CoreServices.framework/Versions/A/Frameworks/SharedFileList.framework/Versions/A/SharedFileList
0x00007fff4474e000 	/System/Library/Frameworks/NetFS.framework/Versions/A/NetFS
0x00007fff5af33000 	/System/Library/PrivateFrameworks/NetAuth.framework/Versions/A/NetAuth
0x00007fff6479b000 	/System/Library/PrivateFrameworks/login.framework/Versions/A/Frameworks/loginsupport.framework/Versions/A/loginsupport
0x00007fff62b64000 	/System/Library/PrivateFrameworks/TCC.framework/Versions/A/TCC
0x00007fff65ef4000 	/usr/lib/libmecabra.dylib
0x00007fff3d210000 	/System/Library/Frameworks/ApplicationServices.framework/Versions/A/Frameworks/ATS.framework/Versions/A/ATS
0x00007fff3d5be000 	/System/Library/Frameworks/ApplicationServices.framework/Versions/A/Frameworks/ColorSyncLegacy.framework/Versions/A/ColorSyncLegacy
0x00007fff3d662000 	/System/Library/Frameworks/ApplicationServices.framework/Versions/A/Frameworks/HIServices.framework/Versions/A/HIServices
0x00007fff3d6b5000 	/System/Library/Frameworks/ApplicationServices.framework/Versions/A/Frameworks/LangAnalysis.framework/Versions/A/LangAnalysis
0x00007fff3d6c4000 	/System/Library/Frameworks/ApplicationServices.framework/Versions/A/Frameworks/PrintCore.framework/Versions/A/PrintCore
0x00007fff3d711000 	/System/Library/Frameworks/ApplicationServices.framework/Versions/A/Frameworks/QD.framework/Versions/A/QD
0x00007fff3d74c000 	/System/Library/Frameworks/ApplicationServices.framework/Versions/A/Frameworks/SpeechSynthesis.framework/Versions/A/SpeechSynthesis
0x00007fff3ec9a000 	/System/Library/Frameworks/CoreDisplay.framework/Versions/A/CoreDisplay
0x00007fff3b312000 	/System/Library/Frameworks/Accelerate.framework/Versions/A/Frameworks/vImage.framework/Versions/A/vImage
0x00007fff3c06c000 	/System/Library/Frameworks/Accelerate.framework/Versions/A/Frameworks/vecLib.framework/Versions/A/vecLib
0x00007fff3be0c000 	/System/Library/Frameworks/Accelerate.framework/Versions/A/Frameworks/vecLib.framework/Versions/A/libvDSP.dylib
0x00007fff3b96c000 	/System/Library/Frameworks/Accelerate.framework/Versions/A/Frameworks/vecLib.framework/Versions/A/libBNNS.dylib
0x00007fff3bd71000 	/System/Library/Frameworks/Accelerate.framework/Versions/A/Frameworks/vecLib.framework/Versions/A/libQuadrature.dylib
0x00007fff3bfba000 	/System/Library/Frameworks/Accelerate.framework/Versions/A/Frameworks/vecLib.framework/Versions/A/libvMisc.dylib
0x00007fff3b99b000 	/System/Library/Frameworks/Accelerate.framework/Versions/A/Frameworks/vecLib.framework/Versions/A/libLAPACK.dylib
0x00007fff3b811000 	/System/Library/Frameworks/Accelerate.framework/Versions/A/Frameworks/vecLib.framework/Versions/A/libBLAS.dylib
0x00007fff3bd5b000 	/System/Library/Frameworks/Accelerate.framework/Versions/A/Frameworks/vecLib.framework/Versions/A/libLinearAlgebra.dylib
0x00007fff3bd77000 	/System/Library/Frameworks/Accelerate.framework/Versions/A/Frameworks/vecLib.framework/Versions/A/libSparse.dylib
0x00007fff3bdf8000 	/System/Library/Frameworks/Accelerate.framework/Versions/A/Frameworks/vecLib.framework/Versions/A/libSparseBLAS.dylib
0x00007fff57dcd000 	/System/Library/PrivateFrameworks/GPUWrangler.framework/Versions/A/GPUWrangler
0x00007fff5954a000 	/System/Library/PrivateFrameworks/IOAccelerator.framework/Versions/A/IOAccelerator
0x00007fff59555000 	/System/Library/PrivateFrameworks/IOPresentment.framework/Versions/A/IOPresentment
0x00007fff53606000 	/System/Library/PrivateFrameworks/DSExternalDisplay.framework/Versions/A/DSExternalDisplay
0x00007fff48745000 	/System/Library/Frameworks/OpenGL.framework/Versions/A/Libraries/libCoreFSCache.dylib
0x00007fff409cd000 	/System/Library/Frameworks/CoreVideo.framework/Versions/A/CoreVideo
0x00007fff58b48000 	/System/Library/PrivateFrameworks/GraphVisualizer.framework/Versions/A/GraphVisualizer
0x00007fff4374f000 	/System/Library/Frameworks/MetalPerformanceShaders.framework/Versions/A/MetalPerformanceShaders
0x00007fff64b00000 	/usr/lib/libFosl_dynamic.dylib
0x00007fff546d7000 	/System/Library/PrivateFrameworks/FaceCore.framework/Versions/A/FaceCore
0x00007fff4754c000 	/System/Library/Frameworks/OpenCL.framework/Versions/A/OpenCL
0x00007fff65101000 	/usr/lib/libcompression.dylib
0x00007fff3d30f000 	/System/Library/Frameworks/ApplicationServices.framework/Versions/A/Frameworks/ATS.framework/Versions/A/Resources/libFontParser.dylib
0x00007fff3d432000 	/System/Library/Frameworks/ApplicationServices.framework/Versions/A/Frameworks/ATS.framework/Versions/A/Resources/libFontRegistry.dylib
0x00007fff41912000 	/System/Library/Frameworks/ImageIO.framework/Versions/A/Resources/libJPEG.dylib
0x00007fff41c3b000 	/System/Library/Frameworks/ImageIO.framework/Versions/A/Resources/libTIFF.dylib
0x00007fff41c11000 	/System/Library/Frameworks/ImageIO.framework/Versions/A/Resources/libPng.dylib
0x00007fff41825000 	/System/Library/Frameworks/ImageIO.framework/Versions/A/Resources/libGIF.dylib
0x00007fff4182a000 	/System/Library/Frameworks/ImageIO.framework/Versions/A/Resources/libJP2.dylib
0x00007fff41c38000 	/System/Library/Frameworks/ImageIO.framework/Versions/A/Resources/libRadiance.dylib
0x00007fff4f0bc000 	/System/Library/PrivateFrameworks/AppleJPEG.framework/Versions/A/AppleJPEG
0x00007fff435b6000 	/System/Library/Frameworks/MetalPerformanceShaders.framework/Frameworks/MPSCore.framework/Versions/A/MPSCore
0x00007fff435d2000 	/System/Library/Frameworks/MetalPerformanceShaders.framework/Frameworks/MPSImage.framework/Versions/A/MPSImage
0x00007fff43667000 	/System/Library/Frameworks/MetalPerformanceShaders.framework/Frameworks/MPSNeuralNetwork.framework/Versions/A/MPSNeuralNetwork
0x00007fff43642000 	/System/Library/Frameworks/MetalPerformanceShaders.framework/Frameworks/MPSMatrix.framework/Versions/A/MPSMatrix
0x00007fff5aa18000 	/System/Library/PrivateFrameworks/MetalTools.framework/Versions/A/MetalTools
0x00007fff4890f000 	/System/Library/Frameworks/OpenGL.framework/Versions/A/Libraries/libGLU.dylib
0x00007fff48750000 	/System/Library/Frameworks/OpenGL.framework/Versions/A/Libraries/libGFXShared.dylib
0x00007fff4875a000 	/System/Library/Frameworks/OpenGL.framework/Versions/A/Libraries/libGL.dylib
0x00007fff48766000 	/System/Library/Frameworks/OpenGL.framework/Versions/A/Libraries/libGLImage.dylib
0x00007fff48742000 	/System/Library/Frameworks/OpenGL.framework/Versions/A/Libraries/libCVMSPluginSupport.dylib
0x00007fff4874b000 	/System/Library/Frameworks/OpenGL.framework/Versions/A/Libraries/libCoreVMClient.dylib
0x00007fff658ad000 	/usr/lib/libcups.2.dylib
0x00007fff42b25000 	/System/Library/Frameworks/Kerberos.framework/Versions/A/Kerberos
0x00007fff4130a000 	/System/Library/Frameworks/GSS.framework/Versions/A/GSS
0x00007fff669a8000 	/usr/lib/libresolv.9.dylib
0x00007fff65aab000 	/usr/lib/libiconv.2.dylib
0x00007fff58bda000 	/System/Library/PrivateFrameworks/Heimdal.framework/Versions/A/Heimdal
0x00007fff65a7a000 	/usr/lib/libheimdal-asn1.dylib
0x00007fff475b8000 	/System/Library/Frameworks/OpenDirectory.framework/Versions/A/OpenDirectory
0x00007fff513cc000 	/System/Library/PrivateFrameworks/CommonAuth.framework/Versions/A/CommonAuth
0x00007fff4759b000 	/System/Library/Frameworks/OpenDirectory.framework/Versions/A/Frameworks/CFOpenDirectory.framework/Versions/A/CFOpenDirectory
0x00007fff4aecb000 	/System/Library/Frameworks/SecurityFoundation.framework/Versions/A/SecurityFoundation
0x00007fff4e293000 	/System/Library/PrivateFrameworks/APFS.framework/Versions/A/APFS
0x00007fff66ddd000 	/usr/lib/libutil.dylib
0x00007fff4f13f000 	/System/Library/PrivateFrameworks/AppleSauce.framework/Versions/A/AppleSauce
0x00007fff59d32000 	/System/Library/PrivateFrameworks/LinguisticData.framework/Versions/A/LinguisticData
0x00007fff65e2d000 	/usr/lib/libmarisa.dylib
0x00007fff59cec000 	/System/Library/PrivateFrameworks/Lexicon.framework/Versions/A/Lexicon
0x00007fff64a2b000 	/usr/lib/libChineseTokenizer.dylib
0x00007fff650f0000 	/usr/lib/libcmph.dylib
0x00007fff59bf6000 	/System/Library/PrivateFrameworks/LanguageModeling.framework/Versions/A/LanguageModeling
0x00007fff51ed8000 	/System/Library/PrivateFrameworks/CoreEmoji.framework/Versions/A/CoreEmoji
0x00007fff4af89000 	/System/Library/Frameworks/ServiceManagement.framework/Versions/A/ServiceManagement
0x00007fff4f987000 	/System/Library/PrivateFrameworks/BackgroundTaskManagement.framework/Versions/A/BackgroundTaskManagement
0x00007fff66eda000 	/usr/lib/libxslt.1.dylib
0x00007fff3e3ce000 	/System/Library/Frameworks/Carbon.framework/Versions/A/Frameworks/Ink.framework/Versions/A/Ink
0x00007fff62d79000 	/System/Library/PrivateFrameworks/TextureIO.framework/Versions/A/TextureIO
0x00007fff64f15000 	/usr/lib/libate.dylib
0x00007fff53566000 	/System/Library/PrivateFrameworks/CrashReporterSupport.framework/Versions/A/CrashReporterSupport
0x00007fff600d2000 	/System/Library/PrivateFrameworks/Sharing.framework/Versions/A/Sharing
0x00007fff59938000 	/System/Library/PrivateFrameworks/IconServices.framework/Versions/A/IconServices
0x00007fff4ef41000 	/System/Library/PrivateFrameworks/Apple80211.framework/Versions/A/Apple80211
0x00007fff5337c000 	/System/Library/PrivateFrameworks/CoreUtils.framework/Versions/A/CoreUtils
0x00007fff40a08000 	/System/Library/Frameworks/CoreWLAN.framework/Versions/A/CoreWLAN
0x00007fff4144c000 	/System/Library/Frameworks/IOBluetooth.framework/Versions/A/IOBluetooth
0x00007fff5e59e000 	/System/Library/PrivateFrameworks/ProtocolBuffer.framework/Versions/A/ProtocolBuffer
0x00007fff53501000 	/System/Library/PrivateFrameworks/CoreWiFi.framework/Versions/A/CoreWiFi
0x00007fff3e919000 	/System/Library/Frameworks/CoreBluetooth.framework/Versions/A/CoreBluetooth
0x00007fff53750000 	/System/Library/PrivateFrameworks/DebugSymbols.framework/Versions/A/DebugSymbols
0x00007fff53133000 	/System/Library/PrivateFrameworks/CoreSymbolication.framework/Versions/A/CoreSymbolication
0x00007fff6256b000 	/System/Library/PrivateFrameworks/Symbolication.framework/Versions/A/Symbolication
0x00007fff4ef6b000 	/System/Library/PrivateFrameworks/AppleFSCompression.framework/Versions/A/AppleFSCompression
0x00007fff619ba000 	/System/Library/PrivateFrameworks/SpeechRecognitionCore.framework/Versions/A/SpeechRecognitionCore
0x000000010321e000 	/Library/Java/JavaVirtualMachines/jdk-10.0.1.jdk/Contents/Home/lib/server/libjvm.dylib
0x00007fff66caa000 	/usr/lib/libstdc++.6.0.9.dylib
0x0000000103fbe000 	/Library/Java/JavaVirtualMachines/jdk-10.0.1.jdk/Contents/Home/lib/libverify.dylib
0x0000000103fcb000 	/Library/Java/JavaVirtualMachines/jdk-10.0.1.jdk/Contents/Home/lib/libjava.dylib
0x000000010494c000 	/Library/Java/JavaVirtualMachines/jdk-10.0.1.jdk/Contents/Home/lib/libzip.dylib
0x0000000104954000 	/Library/Java/JavaVirtualMachines/jdk-10.0.1.jdk/Contents/Home/lib/libjimage.dylib
0x0000000126c9d000 	/Library/Java/JavaVirtualMachines/jdk-10.0.1.jdk/Contents/Home/lib/libnio.dylib
0x0000000126cad000 	/Library/Java/JavaVirtualMachines/jdk-10.0.1.jdk/Contents/Home/lib/./libnet.dylib
0x0000000126d4c000 	/usr/local/lib/libmpi_java.20.dylib
0x0000000126d6b000 	/usr/local/lib/libmpi.20.dylib
0x0000000126e60000 	/usr/local/lib/libopen-rte.20.dylib
0x0000000126ed4000 	/usr/local/lib/libopen-pal.20.dylib
0x0000000126f95000 	/usr/local/lib/openmpi/mca_patcher_overwrite.so
0x0000000126f9f000 	/usr/local/lib/openmpi/mca_shmem_mmap.so
0x0000000126f98000 	/usr/local/lib/openmpi/mca_sec_basic.so
0x0000000126fa3000 	/usr/local/lib/openmpi/mca_ess_pmi.so
0x0000000126fa9000 	/usr/local/lib/openmpi/mca_pmix_pmix112.so
0x0000000126f9b000 	/usr/local/lib/openmpi/mca_state_app.so
0x0000000126ff9000 	/usr/local/lib/openmpi/mca_errmgr_default_app.so
0x0000000127008000 	/usr/local/lib/openmpi/mca_oob_usock.so
0x0000000127015000 	/usr/local/lib/openmpi/mca_oob_tcp.so
0x0000000127028000 	/usr/local/lib/openmpi/mca_rml_oob.so
0x0000000127000000 	/usr/local/lib/openmpi/mca_routed_radix.so
0x0000000126ffc000 	/usr/local/lib/openmpi/mca_grpcomm_direct.so
0x0000000127004000 	/usr/local/lib/openmpi/mca_allocator_basic.so
0x000000012702c000 	/usr/local/lib/openmpi/mca_allocator_bucket.so
0x000000012702f000 	/usr/local/lib/openmpi/mca_rcache_vma.so
0x0000000127034000 	/usr/local/lib/openmpi/mca_mpool_sm.so
0x0000000127037000 	/usr/local/lib/libmca_common_sm.20.dylib
0x000000012703a000 	/usr/local/lib/openmpi/mca_mpool_grdma.so
0x000000012703e000 	/usr/local/lib/openmpi/mca_bml_r2.so
0x0000000127043000 	/usr/local/lib/openmpi/mca_btl_tcp.so
0x00000001270d2000 	/usr/local/lib/openmpi/mca_btl_sm.so
0x00000001270d9000 	/usr/local/lib/openmpi/mca_btl_vader.so
0x00000001270e0000 	/usr/local/lib/openmpi/mca_btl_self.so
0x000000012f66f000 	/usr/local/lib/openmpi/mca_pml_ob1.so
0x000000012f684000 	/usr/local/lib/openmpi/mca_vprotocol_pessimist.so
0x000000012f668000 	/usr/local/lib/openmpi/mca_coll_self.so
0x000000012f66b000 	/usr/local/lib/openmpi/mca_coll_inter.so
0x000000012f68b000 	/usr/local/lib/openmpi/mca_coll_sync.so
0x000000012f68f000 	/usr/local/lib/openmpi/mca_coll_sm.so
0x000000012f695000 	/usr/local/lib/openmpi/mca_coll_basic.so
0x000000012f6a1000 	/usr/local/lib/openmpi/mca_coll_tuned.so
0x000000012f6b0000 	/usr/local/lib/openmpi/mca_coll_libnbc.so
0x000000012f6c5000 	/usr/local/lib/openmpi/mca_osc_sm.so
0x000000012f6cb000 	/usr/local/lib/openmpi/mca_osc_rdma.so
0x000000012f6df000 	/usr/local/lib/openmpi/mca_osc_pt2pt.so


VM Arguments:
jvm_args: -Djava.library.path=/usr/local/lib 
java_command: MersennePrimeSearch
java_class_path (initial): /Users/meotm01/devel/teaching/cs320s18/mersenne/target/classes:.:/usr/local/lib/mpi.jar
Launcher Type: SUN_STANDARD

Logging:
Log output configuration:
#0: stdout all=warning uptime,level,tags
#1: stderr all=off uptime,level,tags

Environment Variables:
CLASSPATH=.
PATH=/usr/local/bin:/usr/local/bin:/Users/meotm01/devel/util/mongo/bin:/Users/meotm01/devel/util/anaconda3/bin:/bin:/usr/bin:/sbin:/usr/sbin:/usr/local/bin:/Users/meotm01/devel/bin
SHELL=/bin/bash

Signal Handlers:
SIGSEGV: [libjvm.dylib+0x79ac14], sa_mask[0]=11111111011111110111111111111111, sa_flags=SA_ONSTACK|SA_RESTART|SA_SIGINFO
SIGBUS: [libjvm.dylib+0x79ac14], sa_mask[0]=11111111011111110111111111111111, sa_flags=SA_RESTART|SA_SIGINFO
SIGFPE: [libjvm.dylib+0x79ac14], sa_mask[0]=11111111011111110111111111111111, sa_flags=SA_RESTART|SA_SIGINFO
SIGPIPE: [libjvm.dylib+0x635960], sa_mask[0]=11111111011111110111111111111111, sa_flags=SA_RESTART|SA_SIGINFO
SIGXFSZ: [libjvm.dylib+0x635960], sa_mask[0]=11111111011111110111111111111111, sa_flags=SA_RESTART|SA_SIGINFO
SIGILL: [libjvm.dylib+0x79ac14], sa_mask[0]=11111111011111110111111111111111, sa_flags=SA_RESTART|SA_SIGINFO
SIGUSR2: [libjvm.dylib+0x6361f0], sa_mask[0]=00000000000000000000000000000000, sa_flags=SA_RESTART|SA_SIGINFO
SIGHUP: [libjvm.dylib+0x6349db], sa_mask[0]=11111111011111110111111111111111, sa_flags=SA_RESTART|SA_SIGINFO
SIGINT: [libjvm.dylib+0x6349db], sa_mask[0]=11111111011111110111111111111111, sa_flags=SA_RESTART|SA_SIGINFO
SIGTERM: [libjvm.dylib+0x6349db], sa_mask[0]=11111111011111110111111111111111, sa_flags=SA_RESTART|SA_SIGINFO
SIGQUIT: [libjvm.dylib+0x6349db], sa_mask[0]=11111111011111110111111111111111, sa_flags=SA_RESTART|SA_SIGINFO


---------------  S Y S T E M  ---------------

OS:uname:Darwin 17.5.0 Darwin Kernel Version 17.5.0: Fri Apr 13 19:32:32 PDT 2018; root:xnu-4570.51.2~1/RELEASE_X86_64 x86_64
rlimit: STACK 8192k, CORE 0k, NPROC 709, NOFILE 10240, AS infinity, DATA infinity, FSIZE infinity
load average:2.48 2.39 2.61

CPU:total 4 (initial active 4) (2 cores per cpu, 2 threads per core) family 6 model 142 stepping 9, cmov, cx8, fxsr, mmx, sse, sse2, sse3, ssse3, sse4.1, sse4.2, popcnt, avx, avx2, aes, clmul, erms, 3dnowpref, lzcnt, ht, tsc, tscinvbit, bmi1, bmi2, adx, fma

Memory: 4k page, physical 8388608k(34620k free)

vm_info: Java HotSpot(TM) 64-Bit Server VM (10.0.1+10) for bsd-amd64 JRE (10.0.1+10), built on Mar 27 2018 01:13:17 by "mach5one" with gcc 4.2.1 Compatible Apple LLVM 6.1.0 (clang-602.0.49)

END.
